<?xml version="1.0" encoding="UTF-8"?>
<testsuites>
  <testsuite name="component" timestamp="2023-02-23T15:22:49Z" hostname="ba2e62ffa2c3" tests="20" skipped="0" failures="0" errors="0" time="0.262">
    <testcase time="0.0380000000000003" classname="component" name="component_works_as_expected_for_mmrm_tmb_objects"/>
    <testcase time="0.0349999999999997" classname="component" name="component_works_as_expected_for_mmrm_tmb_objects"/>
    <testcase time="0.024" classname="component" name="component_works_as_expected_for_mmrm_tmb_objects"/>
    <testcase time="0.00200000000000022" classname="component" name="component_works_as_expected_for_mmrm_tmb_objects"/>
    <testcase time="0.00199999999999978" classname="component" name="component_works_as_expected_for_mmrm_tmb_objects"/>
    <testcase time="0.00600000000000023" classname="component" name="component_works_as_expected_for_mmrm_tmb_objects"/>
    <testcase time="0.00499999999999989" classname="component" name="component_works_as_expected_for_mmrm_tmb_objects"/>
    <testcase time="0.00599999999999978" classname="component" name="component_works_as_expected_for_mmrm_tmb_objects"/>
    <testcase time="0.00900000000000034" classname="component" name="component_returns_adjusted_beta_cov_matrix_for_Kenward_Roger_adjusted_mmrm"/>
    <testcase time="0.00999999999999979" classname="component" name="component_produces_complete_coefficient_vector_as_expected_in_full_rank_model"/>
    <testcase time="0.0369999999999999" classname="component" name="component_returns_coefficient_vectors_as_expected_in_rank_deficient_model"/>
    <testcase time="0.00600000000000023" classname="component" name="component_returns_coefficient_vectors_as_expected_in_rank_deficient_model"/>
    <testcase time="0.00499999999999989" classname="component" name="component_returns_coefficient_vectors_as_expected_in_rank_deficient_model"/>
    <testcase time="0.00199999999999978" classname="component" name="component_returns_coefficient_vectors_as_expected_in_rank_deficient_model"/>
    <testcase time="0.0100000000000002" classname="component" name="component_produces_complete_variance_covariance_matrix_as_expected_in_full_rank_model"/>
    <testcase time="0.0470000000000002" classname="component" name="component_returns_complete_variance_covariance_matrix_as_expected_in_rank_deficient_model"/>
    <testcase time="0.00199999999999978" classname="component" name="component_returns_complete_variance_covariance_matrix_as_expected_in_rank_deficient_model"/>
    <testcase time="0.00499999999999989" classname="component" name="component_returns_complete_variance_covariance_matrix_as_expected_in_rank_deficient_model"/>
    <testcase time="0.00500000000000034" classname="component" name="component_returns_complete_variance_covariance_matrix_as_expected_in_rank_deficient_model"/>
    <testcase time="0.00599999999999978" classname="component" name="component_returns_complete_variance_covariance_matrix_as_expected_in_rank_deficient_model"/>
  </testsuite>
  <testsuite name="cpp-covariance" timestamp="2023-02-23T15:22:49Z" hostname="ba2e62ffa2c3" tests="11" skipped="0" failures="0" errors="0" time="0.146">
    <testcase time="0.0340000000000003" classname="cpp_covariance" name="prepare_numbers_for_homogeneous_ante_dependence_tests"/>
    <testcase time="0.0109999999999997" classname="cpp_covariance" name="prepare_numbers_for_heterogeneous_ante_dependence_tests"/>
    <testcase time="0.0110000000000001" classname="cpp_covariance" name="prepare_numbers_for_homogeneous_toeplitz_tests"/>
    <testcase time="0.0110000000000001" classname="cpp_covariance" name="prepare_numbers_for_heterogeneous_toeplitz_tests"/>
    <testcase time="0.00999999999999979" classname="cpp_covariance" name="prepare_numbers_for_autoregressive_correlation_function_test"/>
    <testcase time="0.00600000000000023" classname="cpp_covariance" name="prepare_numbers_for_autoregressive_correlation_function_test"/>
    <testcase time="0.016" classname="cpp_covariance" name="prepare_numbers_for_homogeneous_autoregressive_tests"/>
    <testcase time="0.0129999999999999" classname="cpp_covariance" name="prepare_numbers_for_heterogeneous_autoregressive_tests"/>
    <testcase time="0.00999999999999979" classname="cpp_covariance" name="prepare_numbers_for_compound_symmetry_correlation_function_test"/>
    <testcase time="0.0130000000000003" classname="cpp_covariance" name="prepare_numbers_for_homogeneous_compound_symmetry_tests"/>
    <testcase time="0.0109999999999997" classname="cpp_covariance" name="prepare_numbers_for_heterogeneous_compound_symmetry_tests"/>
  </testsuite>
  <testsuite name="cpp-utils" timestamp="2023-02-23T15:22:49Z" hostname="ba2e62ffa2c3" tests="1" skipped="0" failures="0" errors="0" time="0.032">
    <testcase time="0.032" classname="cpp_utils" name="prepare_numbers_for_get_corr_mat_chol_tests"/>
  </testsuite>
  <testsuite name="unstructured" timestamp="2023-02-23T15:22:49Z" hostname="ba2e62ffa2c3" tests="6" skipped="0" failures="0" errors="0" time="0.031">
    <testcase time="0.0260000000000002" classname="unstructured" name="get_unstructured_produces_expected_result"/>
    <testcase time="0.00099999999999989" classname="unstructured" name="get_unstructured_produces_expected_result"/>
    <testcase time="0.00099999999999989" classname="unstructured" name="get_unstructured_produces_expected_result"/>
    <testcase time="0.00099999999999989" classname="unstructured" name="get_unstructured_produces_expected_result"/>
    <testcase time="0.00100000000000033" classname="unstructured" name="get_unstructured_produces_expected_result"/>
    <testcase time="0.00099999999999989" classname="unstructured" name="get_unstructured_produces_expected_result"/>
  </testsuite>
  <testsuite name="ante_dependence" timestamp="2023-02-23T15:22:49Z" hostname="ba2e62ffa2c3" tests="25" skipped="0" failures="0" errors="0" time="0.036">
    <testcase time="0.00300000000000011" classname="ante_dependence" name="corr_fun_ante_dependence_works_as_expected"/>
    <testcase time="0" classname="ante_dependence" name="corr_fun_ante_dependence_works_as_expected"/>
    <testcase time="0.00099999999999989" classname="ante_dependence" name="corr_fun_ante_dependence_works_as_expected"/>
    <testcase time="0.00199999999999978" classname="ante_dependence" name="get_ante_dependence_produces_expected_result"/>
    <testcase time="0.00100000000000033" classname="ante_dependence" name="get_ante_dependence_produces_expected_result"/>
    <testcase time="0.00099999999999989" classname="ante_dependence" name="get_ante_dependence_produces_expected_result"/>
    <testcase time="0.00099999999999989" classname="ante_dependence" name="get_ante_dependence_produces_expected_result"/>
    <testcase time="0.00099999999999989" classname="ante_dependence" name="get_ante_dependence_produces_expected_result"/>
    <testcase time="0.00100000000000033" classname="ante_dependence" name="get_ante_dependence_produces_expected_result"/>
    <testcase time="0.00099999999999989" classname="ante_dependence" name="get_ante_dependence_produces_expected_result"/>
    <testcase time="0.00099999999999989" classname="ante_dependence" name="get_ante_dependence_produces_expected_result"/>
    <testcase time="0.00099999999999989" classname="ante_dependence" name="get_ante_dependence_produces_expected_result"/>
    <testcase time="0.00100000000000033" classname="ante_dependence" name="get_ante_dependence_produces_expected_result"/>
    <testcase time="0.00199999999999978" classname="ante_dependence" name="get_ante_dependence_produces_expected_result"/>
    <testcase time="0.00099999999999989" classname="ante_dependence" name="get_ante_dependence_heterogeneous_produces_expected_result"/>
    <testcase time="0.00100000000000033" classname="ante_dependence" name="get_ante_dependence_heterogeneous_produces_expected_result"/>
    <testcase time="0.00099999999999989" classname="ante_dependence" name="get_ante_dependence_heterogeneous_produces_expected_result"/>
    <testcase time="0.00200000000000022" classname="ante_dependence" name="get_ante_dependence_heterogeneous_produces_expected_result"/>
    <testcase time="0.00599999999999978" classname="ante_dependence" name="get_ante_dependence_heterogeneous_produces_expected_result"/>
    <testcase time="0.00099999999999989" classname="ante_dependence" name="get_ante_dependence_heterogeneous_produces_expected_result"/>
    <testcase time="0.00200000000000022" classname="ante_dependence" name="get_ante_dependence_heterogeneous_produces_expected_result"/>
    <testcase time="0.00099999999999989" classname="ante_dependence" name="get_ante_dependence_heterogeneous_produces_expected_result"/>
    <testcase time="0.00099999999999989" classname="ante_dependence" name="get_ante_dependence_heterogeneous_produces_expected_result"/>
    <testcase time="0.00200000000000022" classname="ante_dependence" name="get_ante_dependence_heterogeneous_produces_expected_result"/>
    <testcase time="0.00099999999999989" classname="ante_dependence" name="get_ante_dependence_heterogeneous_produces_expected_result"/>
  </testsuite>
  <testsuite name="toeplitz" timestamp="2023-02-23T15:22:49Z" hostname="ba2e62ffa2c3" tests="25" skipped="0" failures="0" errors="0" time="0.037">
    <testcase time="0.00499999999999989" classname="toeplitz" name="corr_fun_toeplitz_works_as_expected"/>
    <testcase time="0.00100000000000033" classname="toeplitz" name="corr_fun_toeplitz_works_as_expected"/>
    <testcase time="0.00099999999999989" classname="toeplitz" name="corr_fun_toeplitz_works_as_expected"/>
    <testcase time="0.00199999999999978" classname="toeplitz" name="get_toeplitz_produces_expected_result"/>
    <testcase time="0.00100000000000033" classname="toeplitz" name="get_toeplitz_produces_expected_result"/>
    <testcase time="0.00099999999999989" classname="toeplitz" name="get_toeplitz_produces_expected_result"/>
    <testcase time="0.00099999999999989" classname="toeplitz" name="get_toeplitz_produces_expected_result"/>
    <testcase time="0.00200000000000022" classname="toeplitz" name="get_toeplitz_produces_expected_result"/>
    <testcase time="0.00099999999999989" classname="toeplitz" name="get_toeplitz_produces_expected_result"/>
    <testcase time="0.00099999999999989" classname="toeplitz" name="get_toeplitz_produces_expected_result"/>
    <testcase time="0.00099999999999989" classname="toeplitz" name="get_toeplitz_produces_expected_result"/>
    <testcase time="0.00200000000000022" classname="toeplitz" name="get_toeplitz_produces_expected_result"/>
    <testcase time="0.00199999999999978" classname="toeplitz" name="get_toeplitz_produces_expected_result"/>
    <testcase time="0.00100000000000033" classname="toeplitz" name="get_toeplitz_produces_expected_result"/>
    <testcase time="0.00199999999999978" classname="toeplitz" name="get_toeplitz_heterogeneous_produces_expected_result"/>
    <testcase time="0.00099999999999989" classname="toeplitz" name="get_toeplitz_heterogeneous_produces_expected_result"/>
    <testcase time="0.00200000000000022" classname="toeplitz" name="get_toeplitz_heterogeneous_produces_expected_result"/>
    <testcase time="0.00099999999999989" classname="toeplitz" name="get_toeplitz_heterogeneous_produces_expected_result"/>
    <testcase time="0.00099999999999989" classname="toeplitz" name="get_toeplitz_heterogeneous_produces_expected_result"/>
    <testcase time="0.00100000000000033" classname="toeplitz" name="get_toeplitz_heterogeneous_produces_expected_result"/>
    <testcase time="0.00099999999999989" classname="toeplitz" name="get_toeplitz_heterogeneous_produces_expected_result"/>
    <testcase time="0.00199999999999978" classname="toeplitz" name="get_toeplitz_heterogeneous_produces_expected_result"/>
    <testcase time="0.00100000000000033" classname="toeplitz" name="get_toeplitz_heterogeneous_produces_expected_result"/>
    <testcase time="0.00099999999999989" classname="toeplitz" name="get_toeplitz_heterogeneous_produces_expected_result"/>
    <testcase time="0.00199999999999978" classname="toeplitz" name="get_toeplitz_heterogeneous_produces_expected_result"/>
  </testsuite>
  <testsuite name="autoregressive" timestamp="2023-02-23T15:22:49Z" hostname="ba2e62ffa2c3" tests="24" skipped="0" failures="0" errors="0" time="0.031">
    <testcase time="0.00300000000000011" classname="autoregressive" name="corr_fun_autoregressive_works_as_expected"/>
    <testcase time="0.00099999999999989" classname="autoregressive" name="corr_fun_autoregressive_works_as_expected"/>
    <testcase time="0.00200000000000022" classname="autoregressive" name="get_auto_regressive_produces_expected_result"/>
    <testcase time="0.00099999999999989" classname="autoregressive" name="get_auto_regressive_produces_expected_result"/>
    <testcase time="0.00099999999999989" classname="autoregressive" name="get_auto_regressive_produces_expected_result"/>
    <testcase time="0.00100000000000033" classname="autoregressive" name="get_auto_regressive_produces_expected_result"/>
    <testcase time="0.00099999999999989" classname="autoregressive" name="get_auto_regressive_produces_expected_result"/>
    <testcase time="0.00099999999999989" classname="autoregressive" name="get_auto_regressive_produces_expected_result"/>
    <testcase time="0.00099999999999989" classname="autoregressive" name="get_auto_regressive_produces_expected_result"/>
    <testcase time="0.00100000000000033" classname="autoregressive" name="get_auto_regressive_produces_expected_result"/>
    <testcase time="0.00099999999999989" classname="autoregressive" name="get_auto_regressive_produces_expected_result"/>
    <testcase time="0.00199999999999978" classname="autoregressive" name="get_auto_regressive_produces_expected_result"/>
    <testcase time="0.00100000000000033" classname="autoregressive" name="get_auto_regressive_produces_expected_result"/>
    <testcase time="0.00199999999999978" classname="autoregressive" name="get_auto_regressive_heterogeneous_produces_expected_result"/>
    <testcase time="0.00099999999999989" classname="autoregressive" name="get_auto_regressive_heterogeneous_produces_expected_result"/>
    <testcase time="0.00100000000000033" classname="autoregressive" name="get_auto_regressive_heterogeneous_produces_expected_result"/>
    <testcase time="0.00099999999999989" classname="autoregressive" name="get_auto_regressive_heterogeneous_produces_expected_result"/>
    <testcase time="0.00099999999999989" classname="autoregressive" name="get_auto_regressive_heterogeneous_produces_expected_result"/>
    <testcase time="0.00099999999999989" classname="autoregressive" name="get_auto_regressive_heterogeneous_produces_expected_result"/>
    <testcase time="0.00200000000000022" classname="autoregressive" name="get_auto_regressive_heterogeneous_produces_expected_result"/>
    <testcase time="0.00099999999999989" classname="autoregressive" name="get_auto_regressive_heterogeneous_produces_expected_result"/>
    <testcase time="0.00199999999999978" classname="autoregressive" name="get_auto_regressive_heterogeneous_produces_expected_result"/>
    <testcase time="0.00100000000000033" classname="autoregressive" name="get_auto_regressive_heterogeneous_produces_expected_result"/>
    <testcase time="0.00099999999999989" classname="autoregressive" name="get_auto_regressive_heterogeneous_produces_expected_result"/>
  </testsuite>
  <testsuite name="compound symmetry" timestamp="2023-02-23T15:22:49Z" hostname="ba2e62ffa2c3" tests="25" skipped="0" failures="0" errors="0" time="0.037">
    <testcase time="0.004" classname="compound_symmetry" name="corr_fun_compound_symmetry_works_as_expected"/>
    <testcase time="0.00099999999999989" classname="compound_symmetry" name="corr_fun_compound_symmetry_works_as_expected"/>
    <testcase time="0.00099999999999989" classname="compound_symmetry" name="corr_fun_compound_symmetry_works_as_expected"/>
    <testcase time="0.00200000000000022" classname="compound_symmetry" name="get_compound_symmetry_produces_expected_result"/>
    <testcase time="0.00099999999999989" classname="compound_symmetry" name="get_compound_symmetry_produces_expected_result"/>
    <testcase time="0.00099999999999989" classname="compound_symmetry" name="get_compound_symmetry_produces_expected_result"/>
    <testcase time="0.00100000000000033" classname="compound_symmetry" name="get_compound_symmetry_produces_expected_result"/>
    <testcase time="0.00099999999999989" classname="compound_symmetry" name="get_compound_symmetry_produces_expected_result"/>
    <testcase time="0.00099999999999989" classname="compound_symmetry" name="get_compound_symmetry_produces_expected_result"/>
    <testcase time="0.00099999999999989" classname="compound_symmetry" name="get_compound_symmetry_produces_expected_result"/>
    <testcase time="0.00100000000000033" classname="compound_symmetry" name="get_compound_symmetry_produces_expected_result"/>
    <testcase time="0.00199999999999978" classname="compound_symmetry" name="get_compound_symmetry_produces_expected_result"/>
    <testcase time="0.00200000000000022" classname="compound_symmetry" name="get_compound_symmetry_produces_expected_result"/>
    <testcase time="0.00099999999999989" classname="compound_symmetry" name="get_compound_symmetry_produces_expected_result"/>
    <testcase time="0.00300000000000011" classname="compound_symmetry" name="get_compound_symmetry_heterogeneous_produces_expected_result"/>
    <testcase time="0.00099999999999989" classname="compound_symmetry" name="get_compound_symmetry_heterogeneous_produces_expected_result"/>
    <testcase time="0.00099999999999989" classname="compound_symmetry" name="get_compound_symmetry_heterogeneous_produces_expected_result"/>
    <testcase time="0.00200000000000022" classname="compound_symmetry" name="get_compound_symmetry_heterogeneous_produces_expected_result"/>
    <testcase time="0.00099999999999989" classname="compound_symmetry" name="get_compound_symmetry_heterogeneous_produces_expected_result"/>
    <testcase time="0.00199999999999978" classname="compound_symmetry" name="get_compound_symmetry_heterogeneous_produces_expected_result"/>
    <testcase time="0.00100000000000033" classname="compound_symmetry" name="get_compound_symmetry_heterogeneous_produces_expected_result"/>
    <testcase time="0.00099999999999989" classname="compound_symmetry" name="get_compound_symmetry_heterogeneous_produces_expected_result"/>
    <testcase time="0.00199999999999978" classname="compound_symmetry" name="get_compound_symmetry_heterogeneous_produces_expected_result"/>
    <testcase time="0.00100000000000033" classname="compound_symmetry" name="get_compound_symmetry_heterogeneous_produces_expected_result"/>
    <testcase time="0.00199999999999978" classname="compound_symmetry" name="get_compound_symmetry_heterogeneous_produces_expected_result"/>
  </testsuite>
  <testsuite name="get_covariance_lower_chol" timestamp="2023-02-23T15:22:49Z" hostname="ba2e62ffa2c3" tests="6" skipped="0" failures="0" errors="0" time="0.008">
    <testcase time="0.00300000000000011" classname="get_covariance_lower_chol" name="get_covariance_lower_chol_gives_expected_unstructured_result"/>
    <testcase time="0.00099999999999989" classname="get_covariance_lower_chol" name="get_covariance_lower_chol_gives_expected_unstructured_result"/>
    <testcase time="0.00099999999999989" classname="get_covariance_lower_chol" name="get_covariance_lower_chol_gives_expected_unstructured_result"/>
    <testcase time="0.00100000000000033" classname="get_covariance_lower_chol" name="get_covariance_lower_chol_gives_expected_unstructured_result"/>
    <testcase time="0.00099999999999989" classname="get_covariance_lower_chol" name="get_covariance_lower_chol_gives_expected_unstructured_result"/>
    <testcase time="0.00099999999999989" classname="get_covariance_lower_chol" name="get_covariance_lower_chol_gives_expected_unstructured_result"/>
  </testsuite>
  <testsuite name="get_cov_lower_chol_grouped" timestamp="2023-02-23T15:22:49Z" hostname="ba2e62ffa2c3" tests="10" skipped="0" failures="0" errors="0" time="0.016">
    <testcase time="0.00700000000000012" classname="get_cov_lower_chol_grouped" name="get_cov_lower_chol_grouped_gives_expected_unstructured_result"/>
    <testcase time="0.00099999999999989" classname="get_cov_lower_chol_grouped" name="get_cov_lower_chol_grouped_gives_expected_unstructured_result"/>
    <testcase time="0.00099999999999989" classname="get_cov_lower_chol_grouped" name="get_cov_lower_chol_grouped_gives_expected_unstructured_result"/>
    <testcase time="0.00100000000000033" classname="get_cov_lower_chol_grouped" name="get_cov_lower_chol_grouped_gives_expected_unstructured_result"/>
    <testcase time="0.00099999999999989" classname="get_cov_lower_chol_grouped" name="get_cov_lower_chol_grouped_gives_expected_unstructured_result"/>
    <testcase time="0.00099999999999989" classname="get_cov_lower_chol_grouped" name="get_cov_lower_chol_grouped_gives_expected_unstructured_result"/>
    <testcase time="0" classname="get_cov_lower_chol_grouped" name="get_cov_lower_chol_grouped_gives_expected_unstructured_result"/>
    <testcase time="0.00200000000000022" classname="get_cov_lower_chol_grouped" name="get_cov_lower_chol_grouped_gives_expected_unstructured_result"/>
    <testcase time="0.00099999999999989" classname="get_cov_lower_chol_grouped" name="get_cov_lower_chol_grouped_gives_expected_unstructured_result"/>
    <testcase time="0.00099999999999989" classname="get_cov_lower_chol_grouped" name="get_cov_lower_chol_grouped_gives_expected_unstructured_result"/>
  </testsuite>
  <testsuite name="cho_jacobian" timestamp="2023-02-23T15:22:49Z" hostname="ba2e62ffa2c3" tests="26" skipped="0" failures="0" errors="0" time="0.033">
    <testcase time="0.00300000000000011" classname="cho_jacobian" name="cho_jacobian_works_as_expected"/>
    <testcase time="0.00099999999999989" classname="cho_jacobian" name="cho_jacobian_works_as_expected"/>
    <testcase time="0.00099999999999989" classname="cho_jacobian" name="cho_jacobian_works_as_expected"/>
    <testcase time="0.00100000000000033" classname="cho_jacobian" name="cho_jacobian_works_as_expected"/>
    <testcase time="0.00099999999999989" classname="cho_jacobian" name="cho_jacobian_works_as_expected"/>
    <testcase time="0.00099999999999989" classname="cho_jacobian" name="cho_jacobian_works_as_expected"/>
    <testcase time="0.00099999999999989" classname="cho_jacobian" name="cho_jacobian_works_as_expected"/>
    <testcase time="0.00100000000000033" classname="cho_jacobian" name="cho_jacobian_works_as_expected"/>
    <testcase time="0.00099999999999989" classname="cho_jacobian" name="cho_jacobian_works_as_expected"/>
    <testcase time="0.00199999999999978" classname="cho_jacobian" name="cho_jacobian_s_jacabian_using_autodiff_works_as_expected"/>
    <testcase time="0.00100000000000033" classname="cho_jacobian" name="cho_jacobian_s_jacabian_using_autodiff_works_as_expected"/>
    <testcase time="0.00199999999999978" classname="cho_jacobian" name="cho_jacobian_s_jacabian_using_autodiff_works_as_expected"/>
    <testcase time="0.00099999999999989" classname="cho_jacobian" name="cho_jacobian_s_jacabian_using_autodiff_works_as_expected"/>
    <testcase time="0.00100000000000033" classname="cho_jacobian" name="cho_jacobian_s_jacabian_using_autodiff_works_as_expected"/>
    <testcase time="0.00099999999999989" classname="cho_jacobian" name="cho_jacobian_s_jacabian_using_autodiff_works_as_expected"/>
    <testcase time="0.00199999999999978" classname="cho_jacobian" name="cho_jacobian_s_jacabian_using_autodiff_works_as_expected"/>
    <testcase time="0.00100000000000033" classname="cho_jacobian" name="cho_jacobian_s_jacabian_using_autodiff_works_as_expected"/>
    <testcase time="0.00099999999999989" classname="cho_jacobian" name="cho_jacobian_s_jacabian_using_autodiff_works_as_expected"/>
    <testcase time="0.00099999999999989" classname="cho_jacobian" name="cho_jacobian_s_jacabian_using_autodiff_works_as_expected"/>
    <testcase time="0.00099999999999989" classname="cho_jacobian" name="cho_jacobian_s_jacabian_using_autodiff_works_as_expected"/>
    <testcase time="0.00100000000000033" classname="cho_jacobian" name="cho_jacobian_s_jacabian_using_autodiff_works_as_expected"/>
    <testcase time="0.00199999999999978" classname="cho_jacobian" name="cho_jacobian_s_jacabian_using_autodiff_works_as_expected"/>
    <testcase time="0.00099999999999989" classname="cho_jacobian" name="cho_jacobian_s_jacabian_using_autodiff_works_as_expected"/>
    <testcase time="0.00100000000000033" classname="cho_jacobian" name="cho_jacobian_s_jacabian_using_autodiff_works_as_expected"/>
    <testcase time="0.00199999999999978" classname="cho_jacobian" name="cho_jacobian_s_jacabian_using_autodiff_works_as_expected"/>
    <testcase time="0.00099999999999989" classname="cho_jacobian" name="cho_jacobian_s_jacabian_using_autodiff_works_as_expected"/>
  </testsuite>
  <testsuite name="derivatives_nonspatial struct works as expected" timestamp="2023-02-23T15:22:49Z" hostname="ba2e62ffa2c3" tests="87" skipped="0" failures="0" errors="0" time="0.208">
    <testcase time="0.00300000000000011" classname="derivatives_nonspatial_struct_works_as_expected" name="derivatives_nonspatial_struct_correct_sigma_inverse_and_derivatives"/>
    <testcase time="0.00099999999999989" classname="derivatives_nonspatial_struct_works_as_expected" name="derivatives_nonspatial_struct_correct_sigma_inverse_and_derivatives"/>
    <testcase time="0.00200000000000022" classname="derivatives_nonspatial_struct_works_as_expected" name="derivatives_nonspatial_struct_correct_sigma_inverse_and_derivatives"/>
    <testcase time="0.00099999999999989" classname="derivatives_nonspatial_struct_works_as_expected" name="derivatives_nonspatial_struct_correct_sigma_inverse_and_derivatives"/>
    <testcase time="0.00099999999999989" classname="derivatives_nonspatial_struct_works_as_expected" name="derivatives_nonspatial_struct_correct_sigma_inverse_and_derivatives"/>
    <testcase time="0.00100000000000033" classname="derivatives_nonspatial_struct_works_as_expected" name="derivatives_nonspatial_struct_correct_sigma_inverse_and_derivatives"/>
    <testcase time="0.00099999999999989" classname="derivatives_nonspatial_struct_works_as_expected" name="derivatives_nonspatial_struct_correct_sigma_inverse_and_derivatives"/>
    <testcase time="0.00099999999999989" classname="derivatives_nonspatial_struct_works_as_expected" name="derivatives_nonspatial_struct_correct_sigma_inverse_and_derivatives"/>
    <testcase time="0.00099999999999989" classname="derivatives_nonspatial_struct_works_as_expected" name="derivatives_nonspatial_struct_correct_sigma_inverse_and_derivatives"/>
    <testcase time="0.00100000000000033" classname="derivatives_nonspatial_struct_works_as_expected" name="derivatives_nonspatial_struct_correct_sigma_inverse_and_derivatives"/>
    <testcase time="0.00099999999999989" classname="derivatives_nonspatial_struct_works_as_expected" name="derivatives_nonspatial_struct_correct_sigma_inverse_and_derivatives"/>
    <testcase time="0.00099999999999989" classname="derivatives_nonspatial_struct_works_as_expected" name="derivatives_nonspatial_struct_correct_sigma_inverse_and_derivatives"/>
    <testcase time="0.00100000000000033" classname="derivatives_nonspatial_struct_works_as_expected" name="derivatives_nonspatial_struct_correct_sigma_inverse_and_derivatives"/>
    <testcase time="0.00299999999999967" classname="derivatives_nonspatial_struct_works_as_expected" name="derivatives_nonspatial_struct_correct_sigma_inverse_and_derivatives"/>
    <testcase time="0.00099999999999989" classname="derivatives_nonspatial_struct_works_as_expected" name="derivatives_nonspatial_struct_correct_sigma_inverse_and_derivatives"/>
    <testcase time="0.00099999999999989" classname="derivatives_nonspatial_struct_works_as_expected" name="derivatives_nonspatial_struct_correct_sigma_inverse_and_derivatives"/>
    <testcase time="0.00099999999999989" classname="derivatives_nonspatial_struct_works_as_expected" name="derivatives_nonspatial_struct_correct_sigma_inverse_and_derivatives"/>
    <testcase time="0.00100000000000033" classname="derivatives_nonspatial_struct_works_as_expected" name="derivatives_nonspatial_struct_correct_sigma_inverse_and_derivatives"/>
    <testcase time="0.00099999999999989" classname="derivatives_nonspatial_struct_works_as_expected" name="derivatives_nonspatial_struct_correct_sigma_inverse_and_derivatives"/>
    <testcase time="0.00199999999999978" classname="derivatives_nonspatial_struct_works_as_expected" name="derivatives_nonspatial_struct_correct_sigma_inverse_and_derivatives"/>
    <testcase time="0.00100000000000033" classname="derivatives_nonspatial_struct_works_as_expected" name="derivatives_nonspatial_struct_correct_sigma_inverse_and_derivatives"/>
    <testcase time="0.00099999999999989" classname="derivatives_nonspatial_struct_works_as_expected" name="derivatives_nonspatial_struct_correct_sigma_inverse_and_derivatives"/>
    <testcase time="0.00099999999999989" classname="derivatives_nonspatial_struct_works_as_expected" name="derivatives_nonspatial_struct_correct_sigma_inverse_and_derivatives"/>
    <testcase time="0.00099999999999989" classname="derivatives_nonspatial_struct_works_as_expected" name="derivatives_nonspatial_struct_correct_sigma_inverse_and_derivatives"/>
    <testcase time="0.00099999999999989" classname="derivatives_nonspatial_struct_works_as_expected" name="derivatives_nonspatial_struct_correct_sigma_inverse_and_derivatives"/>
    <testcase time="0.00300000000000011" classname="derivatives_nonspatial_struct_works_as_expected" name="derivatives_nonspatial_struct_correct_sigma_inverse_and_derivatives"/>
    <testcase time="0.00099999999999989" classname="derivatives_nonspatial_struct_works_as_expected" name="derivatives_nonspatial_struct_correct_sigma_inverse_and_derivatives"/>
    <testcase time="0.00200000000000022" classname="derivatives_nonspatial_struct_works_as_expected" name="derivatives_nonspatial_struct_correct_sigma_inverse_and_derivatives"/>
    <testcase time="0.00099999999999989" classname="derivatives_nonspatial_struct_works_as_expected" name="derivatives_nonspatial_struct_correct_sigma_inverse_and_derivatives"/>
    <testcase time="0.00099999999999989" classname="derivatives_nonspatial_struct_works_as_expected" name="derivatives_nonspatial_struct_correct_sigma_inverse_and_derivatives"/>
    <testcase time="0.00200000000000022" classname="derivatives_nonspatial_struct_works_as_expected" name="derivatives_nonspatial_struct_correct_sigma_inverse_and_derivatives"/>
    <testcase time="0.00099999999999989" classname="derivatives_nonspatial_struct_works_as_expected" name="derivatives_nonspatial_struct_correct_sigma_inverse_and_derivatives"/>
    <testcase time="0.00200000000000022" classname="derivatives_nonspatial_struct_works_as_expected" name="derivatives_nonspatial_struct_correct_sigma_inverse_and_derivatives"/>
    <testcase time="0.00099999999999989" classname="derivatives_nonspatial_struct_works_as_expected" name="derivatives_nonspatial_struct_correct_sigma_inverse_and_derivatives"/>
    <testcase time="0.00099999999999989" classname="derivatives_nonspatial_struct_works_as_expected" name="derivatives_nonspatial_struct_correct_sigma_inverse_and_derivatives"/>
    <testcase time="0.00200000000000022" classname="derivatives_nonspatial_struct_works_as_expected" name="derivatives_nonspatial_struct_correct_sigma_inverse_and_derivatives"/>
    <testcase time="0.00099999999999989" classname="derivatives_nonspatial_struct_works_as_expected" name="derivatives_nonspatial_struct_correct_sigma_inverse_and_derivatives"/>
    <testcase time="0.00199999999999978" classname="derivatives_nonspatial_struct_works_as_expected" name="derivatives_nonspatial_struct_correct_sigma_inverse_and_derivatives"/>
    <testcase time="0.00200000000000022" classname="derivatives_nonspatial_struct_works_as_expected" name="derivatives_nonspatial_struct_correct_sigma_inverse_and_derivatives"/>
    <testcase time="0.00199999999999978" classname="derivatives_nonspatial_struct_works_as_expected" name="derivatives_nonspatial_struct_correct_sigma_inverse_and_derivatives"/>
    <testcase time="0.00100000000000033" classname="derivatives_nonspatial_struct_works_as_expected" name="derivatives_nonspatial_struct_correct_sigma_inverse_and_derivatives"/>
    <testcase time="0.00099999999999989" classname="derivatives_nonspatial_struct_works_as_expected" name="derivatives_nonspatial_struct_correct_sigma_inverse_and_derivatives"/>
    <testcase time="0.00199999999999978" classname="derivatives_nonspatial_struct_works_as_expected" name="derivatives_nonspatial_struct_correct_sigma_inverse_and_derivatives"/>
    <testcase time="0.00100000000000033" classname="derivatives_nonspatial_struct_works_as_expected" name="derivatives_nonspatial_struct_correct_sigma_inverse_and_derivatives"/>
    <testcase time="0.00199999999999978" classname="derivatives_nonspatial_struct_works_as_expected" name="derivatives_nonspatial_struct_correct_sigma_inverse_and_derivatives"/>
    <testcase time="0.00600000000000023" classname="derivatives_nonspatial_struct_works_as_expected" name="derivatives_nonspatial_struct_correct_sigma_inverse_and_derivatives"/>
    <testcase time="0.00099999999999989" classname="derivatives_nonspatial_struct_works_as_expected" name="derivatives_nonspatial_struct_correct_sigma_inverse_and_derivatives"/>
    <testcase time="0.00199999999999978" classname="derivatives_nonspatial_struct_works_as_expected" name="derivatives_nonspatial_struct_correct_sigma_inverse_and_derivatives"/>
    <testcase time="0.00100000000000033" classname="derivatives_nonspatial_struct_works_as_expected" name="derivatives_nonspatial_struct_correct_sigma_inverse_and_derivatives"/>
    <testcase time="0.00099999999999989" classname="derivatives_nonspatial_struct_works_as_expected" name="derivatives_nonspatial_struct_correct_sigma_inverse_and_derivatives"/>
    <testcase time="0.00300000000000011" classname="derivatives_nonspatial_struct_works_as_expected" name="derivatives_nonspatial_struct_correct_sigma_inverse_and_derivatives"/>
    <testcase time="0.00199999999999978" classname="derivatives_nonspatial_struct_works_as_expected" name="derivatives_nonspatial_struct_correct_sigma_inverse_and_derivatives"/>
    <testcase time="0.00200000000000022" classname="derivatives_nonspatial_struct_works_as_expected" name="derivatives_nonspatial_struct_correct_sigma_inverse_and_derivatives"/>
    <testcase time="0.00199999999999978" classname="derivatives_nonspatial_struct_works_as_expected" name="derivatives_nonspatial_struct_correct_sigma_inverse_and_derivatives"/>
    <testcase time="0.00200000000000022" classname="derivatives_nonspatial_struct_works_as_expected" name="derivatives_nonspatial_struct_correct_sigma_inverse_and_derivatives"/>
    <testcase time="0.00199999999999978" classname="derivatives_nonspatial_struct_works_as_expected" name="derivatives_nonspatial_struct_correct_sigma_inverse_and_derivatives"/>
    <testcase time="0.00200000000000022" classname="derivatives_nonspatial_struct_works_as_expected" name="derivatives_nonspatial_struct_correct_sigma_inverse_and_derivatives"/>
    <testcase time="0.00099999999999989" classname="derivatives_nonspatial_struct_works_as_expected" name="derivatives_nonspatial_struct_correct_sigma_inverse_and_derivatives"/>
    <testcase time="0.00199999999999978" classname="derivatives_nonspatial_struct_works_as_expected" name="derivatives_nonspatial_struct_correct_sigma_inverse_and_derivatives"/>
    <testcase time="0.00200000000000022" classname="derivatives_nonspatial_struct_works_as_expected" name="derivatives_nonspatial_struct_correct_sigma_inverse_and_derivatives"/>
    <testcase time="0.00199999999999978" classname="derivatives_nonspatial_struct_works_as_expected" name="derivatives_nonspatial_struct_correct_sigma_inverse_and_derivatives"/>
    <testcase time="0.00200000000000022" classname="derivatives_nonspatial_struct_works_as_expected" name="derivatives_nonspatial_struct_correct_sigma_inverse_and_derivatives"/>
    <testcase time="0.00199999999999978" classname="derivatives_nonspatial_struct_works_as_expected" name="derivatives_nonspatial_struct_correct_sigma_inverse_and_derivatives"/>
    <testcase time="0.00100000000000033" classname="derivatives_nonspatial_struct_works_as_expected" name="derivatives_nonspatial_struct_correct_sigma_inverse_and_derivatives"/>
    <testcase time="0.00199999999999978" classname="derivatives_nonspatial_struct_works_as_expected" name="derivatives_nonspatial_struct_correct_sigma_inverse_and_derivatives"/>
    <testcase time="0.00200000000000022" classname="derivatives_nonspatial_struct_works_as_expected" name="derivatives_nonspatial_struct_correct_sigma_inverse_and_derivatives"/>
    <testcase time="0.00199999999999978" classname="derivatives_nonspatial_struct_works_as_expected" name="derivatives_nonspatial_struct_correct_sigma_inverse_and_derivatives"/>
    <testcase time="0.00200000000000022" classname="derivatives_nonspatial_struct_works_as_expected" name="derivatives_nonspatial_struct_correct_sigma_inverse_and_derivatives"/>
    <testcase time="0.00199999999999978" classname="derivatives_nonspatial_struct_works_as_expected" name="derivatives_nonspatial_struct_correct_sigma_inverse_and_derivatives"/>
    <testcase time="0.00200000000000022" classname="derivatives_nonspatial_struct_works_as_expected" name="derivatives_nonspatial_struct_correct_sigma_inverse_and_derivatives"/>
    <testcase time="0.00199999999999978" classname="derivatives_nonspatial_struct_works_as_expected" name="derivatives_nonspatial_struct_correct_sigma_inverse_and_derivatives"/>
    <testcase time="0.00200000000000022" classname="derivatives_nonspatial_struct_works_as_expected" name="derivatives_nonspatial_struct_correct_sigma_inverse_and_derivatives"/>
    <testcase time="0.00199999999999978" classname="derivatives_nonspatial_struct_works_as_expected" name="derivatives_nonspatial_struct_correct_sigma_inverse_and_derivatives"/>
    <testcase time="0.00200000000000022" classname="derivatives_nonspatial_struct_works_as_expected" name="derivatives_nonspatial_struct_correct_sigma_inverse_and_derivatives"/>
    <testcase time="0.00199999999999978" classname="derivatives_nonspatial_struct_works_as_expected" name="derivatives_nonspatial_struct_correct_sigma_inverse_and_derivatives"/>
    <testcase time="0.00300000000000011" classname="derivatives_nonspatial_struct_works_as_expected" name="derivatives_nonspatial_struct_correct_sigma_inverse_and_derivatives"/>
    <testcase time="0.00099999999999989" classname="derivatives_nonspatial_struct_works_as_expected" name="derivatives_nonspatial_struct_correct_sigma_inverse_and_derivatives"/>
    <testcase time="0.00300000000000011" classname="derivatives_nonspatial_struct_works_as_expected" name="derivatives_nonspatial_struct_correct_sigma_inverse_and_derivatives"/>
    <testcase time="0.00199999999999978" classname="derivatives_nonspatial_struct_works_as_expected" name="derivatives_nonspatial_struct_correct_sigma_inverse_and_derivatives"/>
    <testcase time="0.00200000000000022" classname="derivatives_nonspatial_struct_works_as_expected" name="derivatives_nonspatial_struct_correct_sigma_inverse_and_derivatives"/>
    <testcase time="0.00199999999999978" classname="derivatives_nonspatial_struct_works_as_expected" name="derivatives_nonspatial_struct_correct_sigma_inverse_and_derivatives"/>
    <testcase time="0.00200000000000022" classname="derivatives_nonspatial_struct_works_as_expected" name="derivatives_nonspatial_struct_correct_sigma_inverse_and_derivatives"/>
    <testcase time="0.00199999999999978" classname="derivatives_nonspatial_struct_works_as_expected" name="derivatives_nonspatial_struct_correct_sigma_inverse_and_derivatives"/>
    <testcase time="0.00200000000000022" classname="derivatives_nonspatial_struct_works_as_expected" name="derivatives_nonspatial_struct_correct_sigma_inverse_and_derivatives"/>
    <testcase time="0.0629999999999997" classname="derivatives_nonspatial_struct_works_as_expected" name="derivatives_nonspatial_struct_correct_sigma_inverse_and_derivatives"/>
    <testcase time="0.00200000000000022" classname="derivatives_nonspatial_struct_works_as_expected" name="derivatives_nonspatial_struct_correct_sigma_inverse_and_derivatives"/>
    <testcase time="0.00200000000000022" classname="derivatives_nonspatial_struct_works_as_expected" name="derivatives_nonspatial_struct_correct_sigma_inverse_and_derivatives"/>
  </testsuite>
  <testsuite name="derivatives_sp_exp struct works as expected" timestamp="2023-02-23T15:22:50Z" hostname="ba2e62ffa2c3" tests="80" skipped="0" failures="0" errors="0" time="0.134">
    <testcase time="0.00499999999999989" classname="derivatives_sp_exp_struct_works_as_expected" name="derivatives_sp_exp_struct_gives_correct_sigma_inverse_and_derivatives"/>
    <testcase time="0.00099999999999989" classname="derivatives_sp_exp_struct_works_as_expected" name="derivatives_sp_exp_struct_gives_correct_sigma_inverse_and_derivatives"/>
    <testcase time="0.00099999999999989" classname="derivatives_sp_exp_struct_works_as_expected" name="derivatives_sp_exp_struct_gives_correct_sigma_inverse_and_derivatives"/>
    <testcase time="0.00100000000000033" classname="derivatives_sp_exp_struct_works_as_expected" name="derivatives_sp_exp_struct_gives_correct_sigma_inverse_and_derivatives"/>
    <testcase time="0.00099999999999989" classname="derivatives_sp_exp_struct_works_as_expected" name="derivatives_sp_exp_struct_gives_correct_sigma_inverse_and_derivatives"/>
    <testcase time="0.00099999999999989" classname="derivatives_sp_exp_struct_works_as_expected" name="derivatives_sp_exp_struct_gives_correct_sigma_inverse_and_derivatives"/>
    <testcase time="0.00099999999999989" classname="derivatives_sp_exp_struct_works_as_expected" name="derivatives_sp_exp_struct_gives_correct_sigma_inverse_and_derivatives"/>
    <testcase time="0.00100000000000033" classname="derivatives_sp_exp_struct_works_as_expected" name="derivatives_sp_exp_struct_gives_correct_sigma_inverse_and_derivatives"/>
    <testcase time="0.00099999999999989" classname="derivatives_sp_exp_struct_works_as_expected" name="derivatives_sp_exp_struct_gives_correct_sigma_inverse_and_derivatives"/>
    <testcase time="0.00099999999999989" classname="derivatives_sp_exp_struct_works_as_expected" name="derivatives_sp_exp_struct_gives_correct_sigma_inverse_and_derivatives"/>
    <testcase time="0.00099999999999989" classname="derivatives_sp_exp_struct_works_as_expected" name="derivatives_sp_exp_struct_gives_correct_sigma_inverse_and_derivatives"/>
    <testcase time="0.00100000000000033" classname="derivatives_sp_exp_struct_works_as_expected" name="derivatives_sp_exp_struct_gives_correct_sigma_inverse_and_derivatives"/>
    <testcase time="0.00199999999999978" classname="derivatives_sp_exp_struct_works_as_expected" name="derivatives_sp_exp_struct_gives_correct_sigma_inverse_and_derivatives"/>
    <testcase time="0.00099999999999989" classname="derivatives_sp_exp_struct_works_as_expected" name="derivatives_sp_exp_struct_gives_correct_sigma_inverse_and_derivatives"/>
    <testcase time="0.00100000000000033" classname="derivatives_sp_exp_struct_works_as_expected" name="derivatives_sp_exp_struct_gives_correct_sigma_inverse_and_derivatives"/>
    <testcase time="0.00099999999999989" classname="derivatives_sp_exp_struct_works_as_expected" name="derivatives_sp_exp_struct_gives_correct_sigma_inverse_and_derivatives"/>
    <testcase time="0.00099999999999989" classname="derivatives_sp_exp_struct_works_as_expected" name="derivatives_sp_exp_struct_gives_correct_sigma_inverse_and_derivatives"/>
    <testcase time="0.00099999999999989" classname="derivatives_sp_exp_struct_works_as_expected" name="derivatives_sp_exp_struct_gives_correct_sigma_inverse_and_derivatives"/>
    <testcase time="0.00100000000000033" classname="derivatives_sp_exp_struct_works_as_expected" name="derivatives_sp_exp_struct_gives_correct_sigma_inverse_and_derivatives"/>
    <testcase time="0.00099999999999989" classname="derivatives_sp_exp_struct_works_as_expected" name="derivatives_sp_exp_struct_gives_correct_sigma_inverse_and_derivatives"/>
    <testcase time="0.00099999999999989" classname="derivatives_sp_exp_struct_works_as_expected" name="derivatives_sp_exp_struct_gives_correct_sigma_inverse_and_derivatives"/>
    <testcase time="0.00200000000000022" classname="derivatives_sp_exp_struct_works_as_expected" name="derivatives_sp_exp_struct_gives_correct_sigma_inverse_and_derivatives"/>
    <testcase time="0.00099999999999989" classname="derivatives_sp_exp_struct_works_as_expected" name="derivatives_sp_exp_struct_gives_correct_sigma_inverse_and_derivatives"/>
    <testcase time="0.00199999999999978" classname="derivatives_sp_exp_struct_works_as_expected" name="derivatives_sp_exp_struct_gives_correct_sigma_inverse_and_derivatives"/>
    <testcase time="0.00100000000000033" classname="derivatives_sp_exp_struct_works_as_expected" name="derivatives_sp_exp_struct_gives_correct_sigma_inverse_and_derivatives"/>
    <testcase time="0.00099999999999989" classname="derivatives_sp_exp_struct_works_as_expected" name="derivatives_sp_exp_struct_gives_correct_sigma_inverse_and_derivatives"/>
    <testcase time="0.00099999999999989" classname="derivatives_sp_exp_struct_works_as_expected" name="derivatives_sp_exp_struct_gives_correct_sigma_inverse_and_derivatives"/>
    <testcase time="0.00200000000000022" classname="derivatives_sp_exp_struct_works_as_expected" name="derivatives_sp_exp_struct_gives_correct_sigma_inverse_and_derivatives"/>
    <testcase time="0.00099999999999989" classname="derivatives_sp_exp_struct_works_as_expected" name="derivatives_sp_exp_struct_gives_correct_sigma_inverse_and_derivatives"/>
    <testcase time="0.00199999999999978" classname="derivatives_sp_exp_struct_works_as_expected" name="derivatives_sp_exp_struct_gives_correct_sigma_inverse_and_derivatives"/>
    <testcase time="0.00100000000000033" classname="derivatives_sp_exp_struct_works_as_expected" name="derivatives_sp_exp_struct_gives_correct_sigma_inverse_and_derivatives"/>
    <testcase time="0.00099999999999989" classname="derivatives_sp_exp_struct_works_as_expected" name="derivatives_sp_exp_struct_gives_correct_sigma_inverse_and_derivatives"/>
    <testcase time="0.00199999999999978" classname="derivatives_sp_exp_struct_works_as_expected" name="derivatives_sp_exp_struct_gives_correct_sigma_inverse_and_derivatives"/>
    <testcase time="0.00100000000000033" classname="derivatives_sp_exp_struct_works_as_expected" name="derivatives_sp_exp_struct_gives_correct_sigma_inverse_and_derivatives"/>
    <testcase time="0.00199999999999978" classname="derivatives_sp_exp_struct_works_as_expected" name="derivatives_sp_exp_struct_gives_correct_sigma_inverse_and_derivatives"/>
    <testcase time="0.00200000000000022" classname="derivatives_sp_exp_struct_works_as_expected" name="derivatives_sp_exp_struct_gives_correct_sigma_inverse_and_derivatives"/>
    <testcase time="0.00199999999999978" classname="derivatives_sp_exp_struct_works_as_expected" name="derivatives_sp_exp_struct_gives_correct_sigma_inverse_and_derivatives"/>
    <testcase time="0.00200000000000022" classname="derivatives_sp_exp_struct_works_as_expected" name="derivatives_sp_exp_struct_gives_correct_sigma_inverse_and_derivatives"/>
    <testcase time="0.00099999999999989" classname="derivatives_sp_exp_struct_works_as_expected" name="derivatives_sp_exp_struct_gives_correct_sigma_inverse_and_derivatives"/>
    <testcase time="0.00099999999999989" classname="derivatives_sp_exp_struct_works_as_expected" name="derivatives_sp_exp_struct_gives_correct_sigma_inverse_and_derivatives"/>
    <testcase time="0.00200000000000022" classname="derivatives_sp_exp_struct_works_as_expected" name="derivatives_sp_exp_struct_gives_correct_sigma_inverse_and_derivatives"/>
    <testcase time="0.00099999999999989" classname="derivatives_sp_exp_struct_works_as_expected" name="derivatives_sp_exp_struct_gives_correct_sigma_inverse_and_derivatives"/>
    <testcase time="0.00199999999999978" classname="derivatives_sp_exp_struct_works_as_expected" name="derivatives_sp_exp_struct_gives_correct_sigma_inverse_and_derivatives"/>
    <testcase time="0.00100000000000033" classname="derivatives_sp_exp_struct_works_as_expected" name="derivatives_sp_exp_struct_gives_correct_sigma_inverse_and_derivatives"/>
    <testcase time="0.00199999999999978" classname="derivatives_sp_exp_struct_works_as_expected" name="derivatives_sp_exp_struct_gives_correct_sigma_inverse_and_derivatives"/>
    <testcase time="0.00099999999999989" classname="derivatives_sp_exp_struct_works_as_expected" name="derivatives_sp_exp_struct_gives_correct_sigma_inverse_and_derivatives"/>
    <testcase time="0.00200000000000022" classname="derivatives_sp_exp_struct_works_as_expected" name="derivatives_sp_exp_struct_gives_correct_sigma_inverse_and_derivatives"/>
    <testcase time="0.00199999999999978" classname="derivatives_sp_exp_struct_works_as_expected" name="derivatives_sp_exp_struct_gives_correct_sigma_inverse_and_derivatives"/>
    <testcase time="0.00100000000000033" classname="derivatives_sp_exp_struct_works_as_expected" name="derivatives_sp_exp_struct_gives_correct_sigma_inverse_and_derivatives"/>
    <testcase time="0.00199999999999978" classname="derivatives_sp_exp_struct_works_as_expected" name="derivatives_sp_exp_struct_gives_correct_sigma_inverse_and_derivatives"/>
    <testcase time="0.00099999999999989" classname="derivatives_sp_exp_struct_works_as_expected" name="derivatives_sp_exp_struct_gives_correct_sigma_inverse_and_derivatives"/>
    <testcase time="0.00200000000000022" classname="derivatives_sp_exp_struct_works_as_expected" name="derivatives_sp_exp_struct_gives_correct_sigma_inverse_and_derivatives"/>
    <testcase time="0.00099999999999989" classname="derivatives_sp_exp_struct_works_as_expected" name="derivatives_sp_exp_struct_gives_correct_sigma_inverse_and_derivatives"/>
    <testcase time="0.00199999999999978" classname="derivatives_sp_exp_struct_works_as_expected" name="derivatives_sp_exp_struct_gives_correct_sigma_inverse_and_derivatives"/>
    <testcase time="0.00300000000000011" classname="derivatives_sp_exp_struct_works_as_expected" name="derivatives_sp_exp_struct_gives_correct_sigma_inverse_and_derivatives"/>
    <testcase time="0.00200000000000022" classname="derivatives_sp_exp_struct_works_as_expected" name="derivatives_sp_exp_struct_gives_correct_sigma_inverse_and_derivatives"/>
    <testcase time="0.00099999999999989" classname="derivatives_sp_exp_struct_works_as_expected" name="derivatives_sp_exp_struct_gives_correct_sigma_inverse_and_derivatives"/>
    <testcase time="0.00199999999999978" classname="derivatives_sp_exp_struct_works_as_expected" name="derivatives_sp_exp_struct_gives_correct_sigma_inverse_and_derivatives"/>
    <testcase time="0.00200000000000022" classname="derivatives_sp_exp_struct_works_as_expected" name="derivatives_sp_exp_struct_gives_correct_sigma_inverse_and_derivatives"/>
    <testcase time="0.00599999999999978" classname="derivatives_sp_exp_struct_works_as_expected" name="derivatives_sp_exp_struct_gives_correct_sigma_inverse_and_derivatives"/>
    <testcase time="0.00200000000000022" classname="derivatives_sp_exp_struct_works_as_expected" name="derivatives_sp_exp_struct_gives_correct_sigma_inverse_and_derivatives"/>
    <testcase time="0.00199999999999978" classname="derivatives_sp_exp_struct_works_as_expected" name="derivatives_sp_exp_struct_gives_correct_sigma_inverse_and_derivatives"/>
    <testcase time="0.00300000000000011" classname="derivatives_sp_exp_struct_works_as_expected" name="derivatives_sp_exp_struct_gives_correct_sigma_inverse_and_derivatives"/>
    <testcase time="0.00099999999999989" classname="derivatives_sp_exp_struct_works_as_expected" name="derivatives_sp_exp_struct_gives_correct_sigma_inverse_and_derivatives"/>
    <testcase time="0.00200000000000022" classname="derivatives_sp_exp_struct_works_as_expected" name="derivatives_sp_exp_struct_gives_correct_sigma_inverse_and_derivatives"/>
    <testcase time="0.00199999999999978" classname="derivatives_sp_exp_struct_works_as_expected" name="derivatives_sp_exp_struct_gives_correct_sigma_inverse_and_derivatives"/>
    <testcase time="0.00100000000000033" classname="derivatives_sp_exp_struct_works_as_expected" name="derivatives_sp_exp_struct_gives_correct_sigma_inverse_and_derivatives"/>
    <testcase time="0.00299999999999967" classname="derivatives_sp_exp_struct_works_as_expected" name="derivatives_sp_exp_struct_gives_correct_sigma_inverse_and_derivatives"/>
    <testcase time="0.00200000000000022" classname="derivatives_sp_exp_struct_works_as_expected" name="derivatives_sp_exp_struct_gives_correct_sigma_inverse_and_derivatives"/>
    <testcase time="0.00199999999999978" classname="derivatives_sp_exp_struct_works_as_expected" name="derivatives_sp_exp_struct_gives_correct_sigma_inverse_and_derivatives"/>
    <testcase time="0.00200000000000022" classname="derivatives_sp_exp_struct_works_as_expected" name="derivatives_sp_exp_struct_gives_correct_sigma_inverse_and_derivatives"/>
    <testcase time="0.00199999999999978" classname="derivatives_sp_exp_struct_works_as_expected" name="derivatives_sp_exp_struct_gives_correct_sigma_inverse_and_derivatives"/>
    <testcase time="0.00200000000000022" classname="derivatives_sp_exp_struct_works_as_expected" name="derivatives_sp_exp_struct_gives_correct_sigma_inverse_and_derivatives"/>
    <testcase time="0.00199999999999978" classname="derivatives_sp_exp_struct_works_as_expected" name="derivatives_sp_exp_struct_gives_correct_sigma_inverse_and_derivatives"/>
    <testcase time="0.00200000000000022" classname="derivatives_sp_exp_struct_works_as_expected" name="derivatives_sp_exp_struct_gives_correct_sigma_inverse_and_derivatives"/>
    <testcase time="0.00199999999999978" classname="derivatives_sp_exp_struct_works_as_expected" name="derivatives_sp_exp_struct_gives_correct_sigma_inverse_and_derivatives"/>
    <testcase time="0.004" classname="derivatives_sp_exp_struct_works_as_expected" name="derivatives_sp_exp_struct_gives_correct_sigma_inverse_and_derivatives"/>
    <testcase time="0.00200000000000022" classname="derivatives_sp_exp_struct_works_as_expected" name="derivatives_sp_exp_struct_gives_correct_sigma_inverse_and_derivatives"/>
    <testcase time="0.00199999999999978" classname="derivatives_sp_exp_struct_works_as_expected" name="derivatives_sp_exp_struct_gives_correct_sigma_inverse_and_derivatives"/>
    <testcase time="0.00200000000000022" classname="derivatives_sp_exp_struct_works_as_expected" name="derivatives_sp_exp_struct_gives_correct_sigma_inverse_and_derivatives"/>
  </testsuite>
  <testsuite name="Rcpp and eigen conversion" timestamp="2023-02-23T15:22:50Z" hostname="ba2e62ffa2c3" tests="24" skipped="0" failures="0" errors="0" time="0.032">
    <testcase time="0.00599999999999978" classname="Rcpp_and_eigen_conversion" name="conversions_does_not_change_values"/>
    <testcase time="0.00100000000000033" classname="Rcpp_and_eigen_conversion" name="conversions_does_not_change_values"/>
    <testcase time="0.00099999999999989" classname="Rcpp_and_eigen_conversion" name="conversions_does_not_change_values"/>
    <testcase time="0.00099999999999989" classname="Rcpp_and_eigen_conversion" name="conversions_does_not_change_values"/>
    <testcase time="0.00099999999999989" classname="Rcpp_and_eigen_conversion" name="conversions_does_not_change_values"/>
    <testcase time="0.00100000000000033" classname="Rcpp_and_eigen_conversion" name="conversions_does_not_change_values"/>
    <testcase time="0.00099999999999989" classname="Rcpp_and_eigen_conversion" name="conversions_does_not_change_values"/>
    <testcase time="0.00199999999999978" classname="Rcpp_and_eigen_conversion" name="conversions_does_not_change_values"/>
    <testcase time="0.00100000000000033" classname="Rcpp_and_eigen_conversion" name="conversions_does_not_change_values"/>
    <testcase time="0.00099999999999989" classname="Rcpp_and_eigen_conversion" name="conversions_does_not_change_values"/>
    <testcase time="0.00099999999999989" classname="Rcpp_and_eigen_conversion" name="conversions_does_not_change_values"/>
    <testcase time="0.00099999999999989" classname="Rcpp_and_eigen_conversion" name="conversions_does_not_change_values"/>
    <testcase time="0.00100000000000033" classname="Rcpp_and_eigen_conversion" name="conversions_does_not_change_values"/>
    <testcase time="0.00099999999999989" classname="Rcpp_and_eigen_conversion" name="conversions_does_not_change_values"/>
    <testcase time="0.00099999999999989" classname="Rcpp_and_eigen_conversion" name="conversions_does_not_change_values"/>
    <testcase time="0.00200000000000022" classname="Rcpp_and_eigen_conversion" name="conversions_does_not_change_values"/>
    <testcase time="0.00099999999999989" classname="Rcpp_and_eigen_conversion" name="conversions_does_not_change_values"/>
    <testcase time="0.00099999999999989" classname="Rcpp_and_eigen_conversion" name="conversions_does_not_change_values"/>
    <testcase time="0.00099999999999989" classname="Rcpp_and_eigen_conversion" name="conversions_does_not_change_values"/>
    <testcase time="0.00200000000000022" classname="Rcpp_and_eigen_conversion" name="conversions_does_not_change_values"/>
    <testcase time="0.00099999999999989" classname="Rcpp_and_eigen_conversion" name="conversions_does_not_change_values"/>
    <testcase time="0.00099999999999989" classname="Rcpp_and_eigen_conversion" name="conversions_does_not_change_values"/>
    <testcase time="0.00100000000000033" classname="Rcpp_and_eigen_conversion" name="conversions_does_not_change_values"/>
    <testcase time="0.00099999999999989" classname="Rcpp_and_eigen_conversion" name="conversions_does_not_change_values"/>
  </testsuite>
  <testsuite name="get_select_matrix" timestamp="2023-02-23T15:22:50Z" hostname="ba2e62ffa2c3" tests="46" skipped="0" failures="0" errors="0" time="0.066">
    <testcase time="0.004" classname="get_select_matrix" name="get_select_matrix_works_as_expected"/>
    <testcase time="0.00099999999999989" classname="get_select_matrix" name="get_select_matrix_works_as_expected"/>
    <testcase time="0.00100000000000033" classname="get_select_matrix" name="get_select_matrix_works_as_expected"/>
    <testcase time="0.00099999999999989" classname="get_select_matrix" name="get_select_matrix_works_as_expected"/>
    <testcase time="0.00099999999999989" classname="get_select_matrix" name="get_select_matrix_works_as_expected"/>
    <testcase time="0.00099999999999989" classname="get_select_matrix" name="get_select_matrix_works_as_expected"/>
    <testcase time="0.00100000000000033" classname="get_select_matrix" name="get_select_matrix_works_as_expected"/>
    <testcase time="0.00099999999999989" classname="get_select_matrix" name="get_select_matrix_works_as_expected"/>
    <testcase time="0.00099999999999989" classname="get_select_matrix" name="get_select_matrix_works_as_expected"/>
    <testcase time="0.00099999999999989" classname="get_select_matrix" name="get_select_matrix_works_as_expected"/>
    <testcase time="0.00100000000000033" classname="get_select_matrix" name="get_select_matrix_works_as_expected"/>
    <testcase time="0.00099999999999989" classname="get_select_matrix" name="get_select_matrix_works_as_expected"/>
    <testcase time="0.00099999999999989" classname="get_select_matrix" name="get_select_matrix_works_as_expected"/>
    <testcase time="0.00099999999999989" classname="get_select_matrix" name="get_select_matrix_works_as_expected"/>
    <testcase time="0.00200000000000022" classname="get_select_matrix" name="get_select_matrix_works_as_expected"/>
    <testcase time="0.00099999999999989" classname="get_select_matrix" name="get_select_matrix_works_as_expected"/>
    <testcase time="0.00099999999999989" classname="get_select_matrix" name="get_select_matrix_works_as_expected"/>
    <testcase time="0.00600000000000023" classname="get_select_matrix" name="get_select_matrix_works_as_expected"/>
    <testcase time="0.00199999999999978" classname="get_select_matrix" name="get_select_matrix_works_as_expected"/>
    <testcase time="0.00100000000000033" classname="get_select_matrix" name="get_select_matrix_works_as_expected"/>
    <testcase time="0.00099999999999989" classname="get_select_matrix" name="get_select_matrix_works_as_expected"/>
    <testcase time="0.00199999999999978" classname="get_select_matrix" name="get_select_matrix_works_as_expected"/>
    <testcase time="0.00100000000000033" classname="get_select_matrix" name="get_select_matrix_works_as_expected"/>
    <testcase time="0.00099999999999989" classname="get_select_matrix" name="get_select_matrix_works_as_expected"/>
    <testcase time="0.00099999999999989" classname="get_select_matrix" name="get_select_matrix_works_as_expected"/>
    <testcase time="0.00199999999999978" classname="get_select_matrix" name="get_select_matrix_works_as_expected"/>
    <testcase time="0.00100000000000033" classname="get_select_matrix" name="get_select_matrix_works_as_expected"/>
    <testcase time="0.00099999999999989" classname="get_select_matrix" name="get_select_matrix_works_as_expected"/>
    <testcase time="0.00199999999999978" classname="get_select_matrix" name="get_select_matrix_works_as_expected"/>
    <testcase time="0.00100000000000033" classname="get_select_matrix" name="get_select_matrix_works_as_expected"/>
    <testcase time="0.00099999999999989" classname="get_select_matrix" name="get_select_matrix_works_as_expected"/>
    <testcase time="0.00199999999999978" classname="get_select_matrix" name="get_select_matrix_works_as_expected"/>
    <testcase time="0.00100000000000033" classname="get_select_matrix" name="get_select_matrix_works_as_expected"/>
    <testcase time="0.00099999999999989" classname="get_select_matrix" name="get_select_matrix_works_as_expected"/>
    <testcase time="0.00199999999999978" classname="get_select_matrix" name="get_select_matrix_works_as_expected"/>
    <testcase time="0.00100000000000033" classname="get_select_matrix" name="get_select_matrix_works_as_expected"/>
    <testcase time="0.00199999999999978" classname="get_select_matrix" name="get_select_matrix_works_as_expected"/>
    <testcase time="0.00200000000000022" classname="get_select_matrix" name="get_select_matrix_works_as_expected"/>
    <testcase time="0.00099999999999989" classname="get_select_matrix" name="get_select_matrix_works_as_expected"/>
    <testcase time="0.00099999999999989" classname="get_select_matrix" name="get_select_matrix_works_as_expected"/>
    <testcase time="0.00100000000000033" classname="get_select_matrix" name="get_select_matrix_works_as_expected"/>
    <testcase time="0.00099999999999989" classname="get_select_matrix" name="get_select_matrix_works_as_expected"/>
    <testcase time="0.00199999999999978" classname="get_select_matrix" name="get_select_matrix_works_as_expected"/>
    <testcase time="0.00100000000000033" classname="get_select_matrix" name="get_select_matrix_works_as_expected"/>
    <testcase time="0.00199999999999978" classname="get_select_matrix" name="get_select_matrix_works_as_expected"/>
    <testcase time="0.00200000000000022" classname="get_select_matrix" name="get_select_matrix_works_as_expected"/>
  </testsuite>
  <testsuite name="tcrossprod" timestamp="2023-02-23T15:22:50Z" hostname="ba2e62ffa2c3" tests="12" skipped="0" failures="0" errors="0" time="0.016">
    <testcase time="0.004" classname="tcrossprod" name="tcrossprod_works_as_expected_with_complete"/>
    <testcase time="0.00099999999999989" classname="tcrossprod" name="tcrossprod_works_as_expected_with_complete"/>
    <testcase time="0.00099999999999989" classname="tcrossprod" name="tcrossprod_works_as_expected_with_complete"/>
    <testcase time="0.00099999999999989" classname="tcrossprod" name="tcrossprod_works_as_expected_with_complete"/>
    <testcase time="0" classname="tcrossprod" name="tcrossprod_works_as_expected_with_complete"/>
    <testcase time="0.00200000000000022" classname="tcrossprod" name="tcrossprod_works_as_expected_with_complete"/>
    <testcase time="0.00099999999999989" classname="tcrossprod" name="tcrossprod_works_as_expected_without_complete_default_"/>
    <testcase time="0.00099999999999989" classname="tcrossprod" name="tcrossprod_works_as_expected_without_complete_default_"/>
    <testcase time="0.00100000000000033" classname="tcrossprod" name="tcrossprod_works_as_expected_without_complete_default_"/>
    <testcase time="0.00099999999999989" classname="tcrossprod" name="tcrossprod_works_as_expected_without_complete_default_"/>
    <testcase time="0.00199999999999978" classname="tcrossprod" name="tcrossprod_works_as_expected_without_complete_default_"/>
    <testcase time="0.00100000000000033" classname="tcrossprod" name="tcrossprod_works_as_expected_without_complete_default_"/>
  </testsuite>
  <testsuite name="crossprod" timestamp="2023-02-23T15:22:50Z" hostname="ba2e62ffa2c3" tests="11" skipped="0" failures="0" errors="0" time="0.014">
    <testcase time="0.00499999999999989" classname="crossprod" name="crossprod_works_as_expected"/>
    <testcase time="0.00099999999999989" classname="crossprod" name="crossprod_works_as_expected"/>
    <testcase time="0.00099999999999989" classname="crossprod" name="crossprod_works_as_expected"/>
    <testcase time="0.00100000000000033" classname="crossprod" name="crossprod_works_as_expected"/>
    <testcase time="0.00199999999999978" classname="crossprod" name="crossprod_works_as_expected"/>
    <testcase time="0" classname="crossprod" name="crossprod_works_as_expected"/>
    <testcase time="0" classname="crossprod" name="crossprod_works_as_expected"/>
    <testcase time="0.00099999999999989" classname="crossprod" name="crossprod_works_as_expected"/>
    <testcase time="0.00099999999999989" classname="crossprod" name="crossprod_works_as_expected"/>
    <testcase time="0.00099999999999989" classname="crossprod" name="crossprod_works_as_expected"/>
    <testcase time="0.00100000000000033" classname="crossprod" name="crossprod_works_as_expected"/>
  </testsuite>
  <testsuite name="map_to_cor" timestamp="2023-02-23T15:22:50Z" hostname="ba2e62ffa2c3" tests="5" skipped="0" failures="0" errors="0" time="0.008">
    <testcase time="0.004" classname="map_to_cor" name="map_to_cor_works_as_expected"/>
    <testcase time="0.00099999999999989" classname="map_to_cor" name="map_to_cor_works_as_expected"/>
    <testcase time="0.00099999999999989" classname="map_to_cor" name="map_to_cor_works_as_expected"/>
    <testcase time="0.00099999999999989" classname="map_to_cor" name="map_to_cor_works_as_expected"/>
    <testcase time="0.00100000000000033" classname="map_to_cor" name="map_to_cor_works_as_expected"/>
  </testsuite>
  <testsuite name="generic_corr_fun" timestamp="2023-02-23T15:22:50Z" hostname="ba2e62ffa2c3" tests="5" skipped="0" failures="0" errors="0" time="0.007">
    <testcase time="0.00299999999999967" classname="generic_corr_fun" name="generic_corr_fun_is_initialized_as_expected"/>
    <testcase time="0.00100000000000033" classname="generic_corr_fun" name="generic_corr_fun_is_initialized_as_expected"/>
    <testcase time="0.00099999999999989" classname="generic_corr_fun" name="generic_corr_fun_is_initialized_as_expected"/>
    <testcase time="0.00099999999999989" classname="generic_corr_fun" name="generic_corr_fun_is_initialized_as_expected"/>
    <testcase time="0.00099999999999989" classname="generic_corr_fun" name="generic_corr_fun_is_initialized_as_expected"/>
  </testsuite>
  <testsuite name="get_corr_mat_chol" timestamp="2023-02-23T15:22:50Z" hostname="ba2e62ffa2c3" tests="11" skipped="0" failures="0" errors="0" time="0.013">
    <testcase time="0.00300000000000011" classname="get_corr_mat_chol" name="get_corr_mat_chol_works_as_expected"/>
    <testcase time="0.00099999999999989" classname="get_corr_mat_chol" name="get_corr_mat_chol_works_as_expected"/>
    <testcase time="0.00100000000000033" classname="get_corr_mat_chol" name="get_corr_mat_chol_works_as_expected"/>
    <testcase time="0.00099999999999989" classname="get_corr_mat_chol" name="get_corr_mat_chol_works_as_expected"/>
    <testcase time="0.00099999999999989" classname="get_corr_mat_chol" name="get_corr_mat_chol_works_as_expected"/>
    <testcase time="0.00099999999999989" classname="get_corr_mat_chol" name="get_corr_mat_chol_works_as_expected"/>
    <testcase time="0.00100000000000033" classname="get_corr_mat_chol" name="get_corr_mat_chol_works_as_expected"/>
    <testcase time="0.00099999999999989" classname="get_corr_mat_chol" name="get_corr_mat_chol_works_as_expected"/>
    <testcase time="0.00099999999999989" classname="get_corr_mat_chol" name="get_corr_mat_chol_works_as_expected"/>
    <testcase time="0.00099999999999989" classname="get_corr_mat_chol" name="get_corr_mat_chol_works_as_expected"/>
    <testcase time="0.00100000000000033" classname="get_corr_mat_chol" name="get_corr_mat_chol_works_as_expected"/>
  </testsuite>
  <testsuite name="get_heterogeneous_cov" timestamp="2023-02-23T15:22:50Z" hostname="ba2e62ffa2c3" tests="11" skipped="0" failures="0" errors="0" time="0.018">
    <testcase time="0.00299999999999967" classname="get_heterogeneous_cov" name="get_heterogeneous_cov_works_as_expected"/>
    <testcase time="0.00100000000000033" classname="get_heterogeneous_cov" name="get_heterogeneous_cov_works_as_expected"/>
    <testcase time="0.00099999999999989" classname="get_heterogeneous_cov" name="get_heterogeneous_cov_works_as_expected"/>
    <testcase time="0.00099999999999989" classname="get_heterogeneous_cov" name="get_heterogeneous_cov_works_as_expected"/>
    <testcase time="0.00099999999999989" classname="get_heterogeneous_cov" name="get_heterogeneous_cov_works_as_expected"/>
    <testcase time="0.00100000000000033" classname="get_heterogeneous_cov" name="get_heterogeneous_cov_works_as_expected"/>
    <testcase time="0.00099999999999989" classname="get_heterogeneous_cov" name="get_heterogeneous_cov_works_as_expected"/>
    <testcase time="0.00099999999999989" classname="get_heterogeneous_cov" name="get_heterogeneous_cov_works_as_expected"/>
    <testcase time="0.00099999999999989" classname="get_heterogeneous_cov" name="get_heterogeneous_cov_works_as_expected"/>
    <testcase time="0.00100000000000033" classname="get_heterogeneous_cov" name="get_heterogeneous_cov_works_as_expected"/>
    <testcase time="0.00599999999999978" classname="get_heterogeneous_cov" name="get_heterogeneous_cov_works_as_expected"/>
  </testsuite>
  <testsuite name="euclidean distance" timestamp="2023-02-23T15:22:50Z" hostname="ba2e62ffa2c3" tests="36" skipped="0" failures="0" errors="0" time="0.046">
    <testcase time="0.00300000000000011" classname="euclidean_distance" name="euclidean_works_as_expected"/>
    <testcase time="0.00099999999999989" classname="euclidean_distance" name="euclidean_works_as_expected"/>
    <testcase time="0.00099999999999989" classname="euclidean_distance" name="euclidean_works_as_expected"/>
    <testcase time="0.00100000000000033" classname="euclidean_distance" name="euclidean_works_as_expected"/>
    <testcase time="0.00099999999999989" classname="euclidean_distance" name="euclidean_works_as_expected"/>
    <testcase time="0.00099999999999989" classname="euclidean_distance" name="euclidean_works_as_expected"/>
    <testcase time="0.00099999999999989" classname="euclidean_distance" name="euclidean_works_as_expected"/>
    <testcase time="0.00100000000000033" classname="euclidean_distance" name="euclidean_works_as_expected"/>
    <testcase time="0.00099999999999989" classname="euclidean_distance" name="euclidean_works_as_expected"/>
    <testcase time="0.00099999999999989" classname="euclidean_distance" name="euclidean_works_as_expected"/>
    <testcase time="0.00099999999999989" classname="euclidean_distance" name="euclidean_works_as_expected"/>
    <testcase time="0.00100000000000033" classname="euclidean_distance" name="euclidean_works_as_expected"/>
    <testcase time="0.00099999999999989" classname="euclidean_distance" name="euclidean_works_as_expected"/>
    <testcase time="0.00099999999999989" classname="euclidean_distance" name="euclidean_works_as_expected"/>
    <testcase time="0.00199999999999978" classname="euclidean_distance" name="euclidean_works_as_expected"/>
    <testcase time="0.00100000000000033" classname="euclidean_distance" name="euclidean_works_as_expected"/>
    <testcase time="0.00099999999999989" classname="euclidean_distance" name="euclidean_works_as_expected"/>
    <testcase time="0.00099999999999989" classname="euclidean_distance" name="euclidean_works_as_expected"/>
    <testcase time="0.00200000000000022" classname="euclidean_distance" name="euclidean_works_as_expected_for_matrix"/>
    <testcase time="0.00099999999999989" classname="euclidean_distance" name="euclidean_works_as_expected_for_matrix"/>
    <testcase time="0.00099999999999989" classname="euclidean_distance" name="euclidean_works_as_expected_for_matrix"/>
    <testcase time="0.00099999999999989" classname="euclidean_distance" name="euclidean_works_as_expected_for_matrix"/>
    <testcase time="0.00200000000000022" classname="euclidean_distance" name="euclidean_works_as_expected_for_matrix"/>
    <testcase time="0.00099999999999989" classname="euclidean_distance" name="euclidean_works_as_expected_for_matrix"/>
    <testcase time="0.00099999999999989" classname="euclidean_distance" name="euclidean_works_as_expected_for_matrix"/>
    <testcase time="0.00100000000000033" classname="euclidean_distance" name="euclidean_works_as_expected_for_matrix"/>
    <testcase time="0.00099999999999989" classname="euclidean_distance" name="euclidean_works_as_expected_for_matrix"/>
    <testcase time="0.00199999999999978" classname="euclidean_distance" name="euclidean_works_as_expected_for_matrix"/>
    <testcase time="0.00100000000000033" classname="euclidean_distance" name="euclidean_works_as_expected_for_matrix"/>
    <testcase time="0.00199999999999978" classname="euclidean_distance" name="euclidean_works_as_expected_for_matrix"/>
    <testcase time="0.00200000000000022" classname="euclidean_distance" name="euclidean_works_as_expected_for_matrix"/>
    <testcase time="0.00099999999999989" classname="euclidean_distance" name="euclidean_works_as_expected_for_matrix"/>
    <testcase time="0.00199999999999978" classname="euclidean_distance" name="euclidean_works_as_expected_for_matrix"/>
    <testcase time="0.00100000000000033" classname="euclidean_distance" name="euclidean_works_as_expected_for_matrix"/>
    <testcase time="0.00099999999999989" classname="euclidean_distance" name="euclidean_works_as_expected_for_matrix"/>
    <testcase time="0.00199999999999978" classname="euclidean_distance" name="euclidean_works_as_expected_for_matrix"/>
  </testsuite>
  <testsuite name="emmeans" timestamp="2023-02-23T15:22:50Z" hostname="ba2e62ffa2c3" tests="31" skipped="0" failures="0" errors="0" time="1.373">
    <testcase time="0.0750000000000002" classname="emmeans" name="emmeans_emits_a_message_about_mmrm_registration_on_load"/>
    <testcase time="0.0259999999999998" classname="emmeans" name="recover_data_method_works_as_expected"/>
    <testcase time="0.00200000000000022" classname="emmeans" name="recover_data_method_works_as_expected"/>
    <testcase time="0.016" classname="emmeans" name="recover_data_method_works_as_expected_for_rank_deficient_model"/>
    <testcase time="0.00099999999999989" classname="emmeans" name="recover_data_method_works_as_expected_for_rank_deficient_model"/>
    <testcase time="0.0530000000000004" classname="emmeans" name="emm_basis_method_works_as_expected"/>
    <testcase time="0.00199999999999978" classname="emmeans" name="emm_basis_method_works_as_expected"/>
    <testcase time="0.0579999999999998" classname="emmeans" name="emm_basis_method_works_also_for_rank_deficient_fit"/>
    <testcase time="0.00199999999999978" classname="emmeans" name="emm_basis_method_works_also_for_rank_deficient_fit"/>
    <testcase time="0.0529999999999999" classname="emmeans" name="emmeans_works_as_expected"/>
    <testcase time="0.00100000000000033" classname="emmeans" name="emmeans_works_as_expected"/>
    <testcase time="0.0229999999999997" classname="emmeans" name="emmeans_works_as_expected"/>
    <testcase time="0.0380000000000003" classname="emmeans" name="emmeans_gives_values_close_to_what_is_expected"/>
    <testcase time="0.222" classname="emmeans" name="emmeans_gives_values_close_to_what_is_expected"/>
    <testcase time="0.00599999999999934" classname="emmeans" name="emmeans_gives_values_close_to_what_is_expected"/>
    <testcase time="0.00600000000000023" classname="emmeans" name="emmeans_gives_values_close_to_what_is_expected"/>
    <testcase time="0.00499999999999989" classname="emmeans" name="emmeans_gives_values_close_to_what_is_expected"/>
    <testcase time="0.158" classname="emmeans" name="emmeans_works_as_expected_also_for_rank_deficient_fit_when_singular_coefficients_are_not_involved"/>
    <testcase time="0.000999999999999446" classname="emmeans" name="emmeans_works_as_expected_also_for_rank_deficient_fit_when_singular_coefficients_are_not_involved"/>
    <testcase time="0.024" classname="emmeans" name="emmeans_works_as_expected_also_for_rank_deficient_fit_when_singular_coefficients_are_not_involved"/>
    <testcase time="0.0660000000000007" classname="emmeans" name="emmeans_works_as_expected_also_for_rank_deficient_fit_when_singular_coefficients_are_involved"/>
    <testcase time="0.00199999999999978" classname="emmeans" name="emmeans_works_as_expected_also_for_rank_deficient_fit_when_singular_coefficients_are_involved"/>
    <testcase time="0.0629999999999997" classname="emmeans" name="emmeans_works_as_expected_also_for_rank_deficient_fit_when_singular_coefficients_are_involved"/>
    <testcase time="0.0120000000000005" classname="emmeans" name="emmeans_works_as_expected_also_for_rank_deficient_fit_when_singular_coefficients_are_involved"/>
    <testcase time="0.16" classname="emmeans" name="emmeans_works_as_expected_also_for_weighted_model"/>
    <testcase time="0.00299999999999923" classname="emmeans" name="emmeans_works_as_expected_also_for_weighted_model"/>
    <testcase time="0.032" classname="emmeans" name="emmeans_works_as_expected_also_for_weighted_model"/>
    <testcase time="0.169" classname="emmeans" name="emmeans_gives_d.f._close_to_what_is_expected_for_weighted_model"/>
    <testcase time="0.00300000000000011" classname="emmeans" name="emmeans_gives_d.f._close_to_what_is_expected_for_weighted_model"/>
    <testcase time="0.0800000000000001" classname="emmeans" name="emmeans_gives_d.f._close_to_what_is_expected_for_weighted_model"/>
    <testcase time="0.0110000000000001" classname="emmeans" name="emmeans_gives_d.f._close_to_what_is_expected_for_weighted_model"/>
  </testsuite>
  <testsuite name="fit" timestamp="2023-02-23T15:22:51Z" hostname="ba2e62ffa2c3" tests="71" skipped="4" failures="0" errors="0" time="1.901">
    <testcase time="0.0519999999999996" classname="fit" name="fit_single_optimizer_works_as_expected_with_defaults"/>
    <testcase time="0.00600000000000023" classname="fit" name="fit_single_optimizer_works_as_expected_with_defaults"/>
    <testcase time="0.00499999999999989" classname="fit" name="fit_single_optimizer_works_as_expected_with_defaults"/>
    <testcase time="0.00499999999999989" classname="fit" name="fit_single_optimizer_works_as_expected_with_defaults"/>
    <testcase time="0.00499999999999989" classname="fit" name="fit_single_optimizer_works_as_expected_with_defaults"/>
    <testcase time="0.0529999999999999" classname="fit" name="fit_single_optimizer_works_as_expected_with_nlminb_optimizer_but_no_starting_values"/>
    <testcase time="0.00700000000000056" classname="fit" name="fit_single_optimizer_works_as_expected_with_nlminb_optimizer_but_no_starting_values"/>
    <testcase time="0.00699999999999967" classname="fit" name="fit_single_optimizer_works_as_expected_with_nlminb_optimizer_but_no_starting_values"/>
    <testcase time="0.00699999999999967" classname="fit" name="fit_single_optimizer_works_as_expected_with_nlminb_optimizer_but_no_starting_values"/>
    <testcase time="0.00499999999999989" classname="fit" name="fit_single_optimizer_works_as_expected_with_nlminb_optimizer_but_no_starting_values"/>
    <testcase time="0.056" classname="fit" name="fit_single_optimizer_works_as_expected_with_optimizer_inputted_but_no_starting_values"/>
    <testcase time="0.00499999999999989" classname="fit" name="fit_single_optimizer_works_as_expected_with_optimizer_inputted_but_no_starting_values"/>
    <testcase time="0.00600000000000023" classname="fit" name="fit_single_optimizer_works_as_expected_with_optimizer_inputted_but_no_starting_values"/>
    <testcase time="0.00499999999999989" classname="fit" name="fit_single_optimizer_works_as_expected_with_optimizer_inputted_but_no_starting_values"/>
    <testcase time="0.00499999999999989" classname="fit" name="fit_single_optimizer_works_as_expected_with_optimizer_inputted_but_no_starting_values"/>
    <testcase time="0.0600000000000005" classname="fit" name="fit_single_optimizer_works_as_expected_with_starting_values_and_optimizer_inputted"/>
    <testcase time="0.00600000000000023" classname="fit" name="fit_single_optimizer_works_as_expected_with_starting_values_and_optimizer_inputted"/>
    <testcase time="0.00499999999999989" classname="fit" name="fit_single_optimizer_works_as_expected_with_starting_values_and_optimizer_inputted"/>
    <testcase time="0.00499999999999989" classname="fit" name="fit_single_optimizer_works_as_expected_with_starting_values_and_optimizer_inputted"/>
    <testcase time="0.00500000000000078" classname="fit" name="fit_single_optimizer_works_as_expected_with_starting_values_and_optimizer_inputted"/>
    <testcase time="0.0129999999999999" classname="fit" name="fit_single_optimizer_gives_error_messages"/>
    <testcase time="0.00999999999999979" classname="fit" name="fit_single_optimizer_gives_error_messages"/>
    <testcase time="0.0289999999999999" classname="fit" name="fit_single_optimizer_is_stable_to_extreme_scaling_with_defaults"/>
    <testcase time="0.00600000000000023" classname="fit" name="fit_single_optimizer_is_stable_to_extreme_scaling_with_defaults"/>
    <testcase time="0.0199999999999996" classname="fit" name="fit_single_optimizer_catches_convergence_warning_as_expected"/>
    <testcase time="0.00300000000000011" classname="fit" name="fit_single_optimizer_catches_convergence_warning_as_expected"/>
    <testcase time="0.00499999999999989" classname="fit" name="fit_single_optimizer_catches_convergence_warning_as_expected"/>
    <testcase time="0.00199999999999978" classname="fit" name="fit_single_optimizer_catches_convergence_warning_as_expected"/>
    <testcase time="0.032" classname="fit" name="fit_single_optimizer_deals_correctly_with_unobserved_visits_message"/>
    <testcase time="0.00600000000000023" classname="fit" name="fit_single_optimizer_deals_correctly_with_unobserved_visits_message"/>
    <testcase time="0.00499999999999989" classname="fit" name="fit_single_optimizer_deals_correctly_with_unobserved_visits_message"/>
    <testcase time="0.125" classname="fit" name="h_summarize_all_fits_works_as_expected"/>
    <testcase time="0.00300000000000011" classname="fit" name="h_summarize_all_fits_works_as_expected">
      <skipped message="Reason: On CRAN ('test-fit.R:173')"/>
    </testcase>
    <testcase time="0.157999999999999" classname="fit" name="h_summarize_all_fits_works_when_some_list_elements_are_try_error_objects"/>
    <testcase time="0.00900000000000034" classname="fit" name="h_summarize_all_fits_works_when_some_list_elements_are_try_error_objects"/>
    <testcase time="0.275" classname="fit" name="refit_multiple_optimizers_works_as_expected_with_default_arguments"/>
    <testcase time="0.00199999999999978" classname="fit" name="refit_multiple_optimizers_works_as_expected_with_default_arguments"/>
    <testcase time="0.00600000000000023" classname="fit" name="refit_multiple_optimizers_works_as_expected_with_default_arguments"/>
    <testcase time="0.00499999999999989" classname="fit" name="refit_multiple_optimizers_works_as_expected_with_default_arguments"/>
    <testcase time="0.00599999999999934" classname="fit" name="refit_multiple_optimizers_works_as_expected_with_default_arguments"/>
    <testcase time="0.00500000000000078" classname="fit" name="refit_multiple_optimizers_works_with_parallel_computations_and_selected_optimizers">
      <skipped message="Reason: On CRAN ('test-fit.R:233')"/>
    </testcase>
    <testcase time="0.148" classname="fit" name="mmrm_works_as_expected_for_unstructured"/>
    <testcase time="0.00300000000000011" classname="fit" name="mmrm_works_as_expected_for_unstructured"/>
    <testcase time="0.00600000000000023" classname="fit" name="mmrm_works_as_expected_for_unstructured"/>
    <testcase time="0.00299999999999923" classname="fit" name="mmrm_works_as_expected_for_unstructured"/>
    <testcase time="0.00200000000000067" classname="fit" name="mmrm_works_as_expected_for_unstructured"/>
    <testcase time="0.00699999999999967" classname="fit" name="mmrm_works_as_expected_for_unstructured"/>
    <testcase time="0.077" classname="fit" name="mmrm_works_as_expected_for_antedependence"/>
    <testcase time="0.00300000000000011" classname="fit" name="mmrm_works_as_expected_for_antedependence"/>
    <testcase time="0.00600000000000023" classname="fit" name="mmrm_works_as_expected_for_antedependence"/>
    <testcase time="0.00199999999999978" classname="fit" name="mmrm_works_as_expected_for_antedependence"/>
    <testcase time="0.00199999999999978" classname="fit" name="mmrm_works_as_expected_for_antedependence"/>
    <testcase time="0.00600000000000023" classname="fit" name="mmrm_works_as_expected_for_antedependence"/>
    <testcase time="0.0780000000000003" classname="fit" name="mmrm_works_as_expected_for_toeplitz"/>
    <testcase time="0.00199999999999978" classname="fit" name="mmrm_works_as_expected_for_toeplitz"/>
    <testcase time="0.00600000000000023" classname="fit" name="mmrm_works_as_expected_for_toeplitz"/>
    <testcase time="0.00199999999999978" classname="fit" name="mmrm_works_as_expected_for_toeplitz"/>
    <testcase time="0.00300000000000011" classname="fit" name="mmrm_works_as_expected_for_toeplitz"/>
    <testcase time="0.00499999999999989" classname="fit" name="mmrm_works_as_expected_for_toeplitz"/>
    <testcase time="0.00600000000000023" classname="fit" name="mmrm_falls_back_to_other_optimizers_if_default_does_not_work">
      <skipped message="Reason: On CRAN ('test-fit.R:299')"/>
    </testcase>
    <testcase time="0.0189999999999992" classname="fit" name="mmrm_fails_if_no_optimizer_works">
      <skipped message="Reason: On CI ('test-fit.R:316')"/>
    </testcase>
    <testcase time="0.115" classname="fit" name="mmrm_works_for_rank_deficient_original_design_matrix_by_default"/>
    <testcase time="0.00600000000000023" classname="fit" name="mmrm_works_for_rank_deficient_original_design_matrix_by_default"/>
    <testcase time="0.0229999999999997" classname="fit" name="mmrm_works_for_specific_small_data_example"/>
    <testcase time="0.00699999999999967" classname="fit" name="mmrm_works_for_specific_small_data_example"/>
    <testcase time="0.0600000000000005" classname="fit" name="mmrm_works_for_custom_optimizer"/>
    <testcase time="0.0590000000000002" classname="fit" name="mmrm_works_for_constructed_control"/>
    <testcase time="0.103" classname="fit" name="mmrm_still_works_for_deprecated_automatic_optimizer"/>
    <testcase time="0.0519999999999996" classname="fit" name="mmrm_works_and_gives_message_for_data_with_unobserved_visit_levels"/>
    <testcase time="0.0420000000000007" classname="fit" name="mmrm_works_and_gives_message_for_data_with_unobserved_visit_levels"/>
    <testcase time="0.0129999999999999" classname="fit" name="mmrm_fails_when_using_..._and_control_at_the_same_time"/>
  </testsuite>
  <testsuite name="interop" timestamp="2023-02-23T15:22:53Z" hostname="ba2e62ffa2c3" tests="5" skipped="0" failures="0" errors="0" time="0.071">
    <testcase time="0.0209999999999999" classname="interop" name="check_package_version_warns_when_version_is_not_compatible"/>
    <testcase time="0.0289999999999999" classname="interop" name="check_package_version_warns_when_version_is_not_compatible"/>
    <testcase time="0.00899999999999945" classname="interop" name="check_package_version_warns_when_version_is_not_compatible"/>
    <testcase time="0.00700000000000056" classname="interop" name="register_on_load_sets_an_onLoad_hook_when_package_is_not_yet_loaded"/>
    <testcase time="0.00499999999999989" classname="interop" name="register_on_load_sets_an_onLoad_hook_when_package_is_not_yet_loaded"/>
  </testsuite>
  <testsuite name="kenwardroger" timestamp="2023-02-23T15:22:53Z" hostname="ba2e62ffa2c3" tests="63" skipped="25" failures="0" errors="0" time="2.679">
    <testcase time="0.0679999999999996" classname="kenwardroger" name="h_get_kr_comp_works_as_expected_on_ar1_ungrouped_mmrm">
      <skipped message="Reason: On CRAN ('test-kenwardroger.R:4')"/>
    </testcase>
    <testcase time="0.0570000000000004" classname="kenwardroger" name="h_get_kr_comp_works_as_expected_on_ar1_grouped_mmrm">
      <skipped message="Reason: On CRAN ('test-kenwardroger.R:10')"/>
    </testcase>
    <testcase time="0.0650000000000004" classname="kenwardroger" name="h_get_kr_comp_works_as_expected_on_ar1h_ungrouped_mmrm">
      <skipped message="Reason: On CRAN ('test-kenwardroger.R:16')"/>
    </testcase>
    <testcase time="0.0629999999999997" classname="kenwardroger" name="h_get_kr_comp_works_as_expected_on_ar1h_grouped_mmrm">
      <skipped message="Reason: On CRAN ('test-kenwardroger.R:22')"/>
    </testcase>
    <testcase time="0.056" classname="kenwardroger" name="h_get_kr_comp_works_as_expected_on_cs_ungrouped_mmrm">
      <skipped message="Reason: On CRAN ('test-kenwardroger.R:28')"/>
    </testcase>
    <testcase time="0.0590000000000002" classname="kenwardroger" name="h_get_kr_comp_works_as_expected_on_cs_grouped_mmrm">
      <skipped message="Reason: On CRAN ('test-kenwardroger.R:34')"/>
    </testcase>
    <testcase time="0.0710000000000006" classname="kenwardroger" name="h_get_kr_comp_works_as_expected_on_csh_ungrouped_mmrm">
      <skipped message="Reason: On CRAN ('test-kenwardroger.R:40')"/>
    </testcase>
    <testcase time="0.0659999999999998" classname="kenwardroger" name="h_get_kr_comp_works_as_expected_on_csh_grouped_mmrm">
      <skipped message="Reason: On CRAN ('test-kenwardroger.R:46')"/>
    </testcase>
    <testcase time="0.0609999999999999" classname="kenwardroger" name="h_get_kr_comp_works_as_expected_on_toep_ungrouped_mmrm">
      <skipped message="Reason: On CRAN ('test-kenwardroger.R:52')"/>
    </testcase>
    <testcase time="0.0649999999999995" classname="kenwardroger" name="h_get_kr_comp_works_as_expected_on_toep_grouped_mmrm">
      <skipped message="Reason: On CRAN ('test-kenwardroger.R:58')"/>
    </testcase>
    <testcase time="0.0660000000000007" classname="kenwardroger" name="h_get_kr_comp_works_as_expected_on_toeph_ungrouped_mmrm">
      <skipped message="Reason: On CRAN ('test-kenwardroger.R:64')"/>
    </testcase>
    <testcase time="0.0709999999999997" classname="kenwardroger" name="h_get_kr_comp_works_as_expected_on_toeph_grouped_mmrm">
      <skipped message="Reason: On CRAN ('test-kenwardroger.R:70')"/>
    </testcase>
    <testcase time="0.0750000000000002" classname="kenwardroger" name="h_get_kr_comp_works_as_expected_on_us_ungrouped_mmrm">
      <skipped message="Reason: On CRAN ('test-kenwardroger.R:76')"/>
    </testcase>
    <testcase time="0.0839999999999996" classname="kenwardroger" name="h_get_kr_comp_works_as_expected_on_us_grouped_mmrm">
      <skipped message="Reason: On CRAN ('test-kenwardroger.R:82')"/>
    </testcase>
    <testcase time="0.0670000000000002" classname="kenwardroger" name="h_get_kr_comp_works_as_expected_on_adh_ungrouped_mmrm">
      <skipped message="Reason: On CRAN ('test-kenwardroger.R:88')"/>
    </testcase>
    <testcase time="0.077" classname="kenwardroger" name="h_get_kr_comp_works_as_expected_on_adh_grouped_mmrm">
      <skipped message="Reason: On CRAN ('test-kenwardroger.R:94')"/>
    </testcase>
    <testcase time="0.0630000000000006" classname="kenwardroger" name="h_get_kr_comp_works_as_expected_on_ad_ungrouped_mmrm">
      <skipped message="Reason: On CRAN ('test-kenwardroger.R:100')"/>
    </testcase>
    <testcase time="0.0670000000000002" classname="kenwardroger" name="h_get_kr_comp_works_as_expected_on_ad_grouped_mmrm">
      <skipped message="Reason: On CRAN ('test-kenwardroger.R:106')"/>
    </testcase>
    <testcase time="0.0659999999999989" classname="kenwardroger" name="h_get_kr_comp_works_as_expected_on_spatial_mmrm">
      <skipped message="Reason: On CRAN ('test-kenwardroger.R:116')"/>
    </testcase>
    <testcase time="0.0730000000000004" classname="kenwardroger" name="h_get_kr_comp_works_as_expected_on_grouped_spatial_mmrm">
      <skipped message="Reason: On CRAN ('test-kenwardroger.R:126')"/>
    </testcase>
    <testcase time="0.0649999999999995" classname="kenwardroger" name="kr_give_similar_results_as_SAS_for_ar1"/>
    <testcase time="0.00699999999999967" classname="kenwardroger" name="kr_give_similar_results_as_SAS_for_ar1"/>
    <testcase time="0.0520000000000014" classname="kenwardroger" name="kr_linear_give_similar_results_as_SAS_for_ar1"/>
    <testcase time="0.00599999999999845" classname="kenwardroger" name="kr_linear_give_similar_results_as_SAS_for_ar1"/>
    <testcase time="0.0609999999999999" classname="kenwardroger" name="kr_give_similar_results_as_SAS_for_ar1h"/>
    <testcase time="0.00700000000000145" classname="kenwardroger" name="kr_give_similar_results_as_SAS_for_ar1h"/>
    <testcase time="0.0579999999999998" classname="kenwardroger" name="kr_linear_give_similar_results_as_SAS_for_ar1h"/>
    <testcase time="0.00699999999999967" classname="kenwardroger" name="kr_linear_give_similar_results_as_SAS_for_ar1h"/>
    <testcase time="0.0489999999999995" classname="kenwardroger" name="kr_give_similar_results_as_SAS_for_cs"/>
    <testcase time="0.00699999999999967" classname="kenwardroger" name="kr_give_similar_results_as_SAS_for_cs"/>
    <testcase time="0.0500000000000007" classname="kenwardroger" name="kr_linear_give_similar_results_as_SAS_for_cs"/>
    <testcase time="0.00600000000000023" classname="kenwardroger" name="kr_linear_give_similar_results_as_SAS_for_cs"/>
    <testcase time="0.0579999999999998" classname="kenwardroger" name="kr_give_similar_results_as_SAS_for_csh"/>
    <testcase time="0.00600000000000023" classname="kenwardroger" name="kr_give_similar_results_as_SAS_for_csh"/>
    <testcase time="0.0559999999999992" classname="kenwardroger" name="kr_linear_give_similar_results_as_SAS_for_csh"/>
    <testcase time="0.00700000000000145" classname="kenwardroger" name="kr_linear_give_similar_results_as_SAS_for_csh"/>
    <testcase time="0.0719999999999992" classname="kenwardroger" name="kr_give_similar_results_as_SAS_for_adh"/>
    <testcase time="0.00699999999999967" classname="kenwardroger" name="kr_give_similar_results_as_SAS_for_adh"/>
    <testcase time="0.0700000000000003" classname="kenwardroger" name="kr_linear_give_similar_results_as_SAS_for_adh"/>
    <testcase time="0.00699999999999967" classname="kenwardroger" name="kr_linear_give_similar_results_as_SAS_for_adh"/>
    <testcase time="0.0510000000000002" classname="kenwardroger" name="kr_give_similar_results_as_SAS_for_toep"/>
    <testcase time="0.00699999999999967" classname="kenwardroger" name="kr_give_similar_results_as_SAS_for_toep"/>
    <testcase time="0.0620000000000012" classname="kenwardroger" name="kr_linear_give_similar_results_as_SAS_for_toep"/>
    <testcase time="0.00799999999999912" classname="kenwardroger" name="kr_linear_give_similar_results_as_SAS_for_toep"/>
    <testcase time="0.0709999999999997" classname="kenwardroger" name="kr_give_similar_results_as_SAS_for_toeph"/>
    <testcase time="0.00600000000000023" classname="kenwardroger" name="kr_give_similar_results_as_SAS_for_toeph"/>
    <testcase time="0.0609999999999999" classname="kenwardroger" name="kr_linear_give_similar_results_as_SAS_for_toeph"/>
    <testcase time="0.00900000000000034" classname="kenwardroger" name="kr_linear_give_similar_results_as_SAS_for_toeph"/>
    <testcase time="0.0719999999999992" classname="kenwardroger" name="kr_give_similar_results_as_SAS_for_unstructured"/>
    <testcase time="0.00700000000000145" classname="kenwardroger" name="kr_give_similar_results_as_SAS_for_unstructured"/>
    <testcase time="0.0800000000000001" classname="kenwardroger" name="kr_linear_give_similar_results_as_SAS_for_unstructured"/>
    <testcase time="0.00699999999999967" classname="kenwardroger" name="kr_linear_give_similar_results_as_SAS_for_unstructured"/>
    <testcase time="0.0609999999999999" classname="kenwardroger" name="kr_give_similar_results_as_SAS_for_spatial_exponential"/>
    <testcase time="0.00699999999999967" classname="kenwardroger" name="kr_give_similar_results_as_SAS_for_spatial_exponential"/>
    <testcase time="0.0600000000000005" classname="kenwardroger" name="kr_linear_give_similar_results_as_SAS_for_spatial_exponential"/>
    <testcase time="0.00699999999999967" classname="kenwardroger" name="kr_linear_give_similar_results_as_SAS_for_spatial_exponential"/>
    <testcase time="0.00699999999999967" classname="kenwardroger" name="h_df_1d_kr_works_as_expected_in_the_standard_case">
      <skipped message="Reason: On CRAN ('test-kenwardroger.R:338')"/>
    </testcase>
    <testcase time="0.016" classname="kenwardroger" name="h_df_md_kr_works_as_expected_in_the_standard_case">
      <skipped message="Reason: On CRAN ('test-kenwardroger.R:346')"/>
    </testcase>
    <testcase time="0.0169999999999995" classname="kenwardroger" name="h_kr_df_works_as_expected_in_the_standard_case">
      <skipped message="Reason: On CRAN ('test-kenwardroger.R:357')"/>
    </testcase>
    <testcase time="0.0170000000000012" classname="kenwardroger" name="h_var_adj_works_as_expected_in_the_standard_case_for_Kenward_Roger">
      <skipped message="Reason: On CRAN ('test-kenwardroger.R:367')"/>
    </testcase>
    <testcase time="0.016" classname="kenwardroger" name="h_var_adj_works_as_expected_in_the_standard_case_for_Kenward_Roger_Linear">
      <skipped message="Reason: On CRAN ('test-kenwardroger.R:379')"/>
    </testcase>
    <testcase time="0.0190000000000001" classname="kenwardroger" name="df_md_works_as_expected_for_Kenward_Roger"/>
    <testcase time="0.0129999999999999" classname="kenwardroger" name="df_md_works_as_expected_for_Kenward_Roger"/>
  </testsuite>
  <testsuite name="mmrm-methods" timestamp="2023-02-23T15:22:56Z" hostname="ba2e62ffa2c3" tests="20" skipped="6" failures="0" errors="0" time="0.393">
    <testcase time="0.0339999999999989" classname="mmrm_methods" name="h_coef_table_works_as_expected"/>
    <testcase time="0.00100000000000122" classname="mmrm_methods" name="h_coef_table_works_as_expected"/>
    <testcase time="0.00199999999999889" classname="mmrm_methods" name="h_coef_table_works_as_expected"/>
    <testcase time="0.00200000000000067" classname="mmrm_methods" name="h_coef_table_works_as_expected"/>
    <testcase time="0.0169999999999995" classname="mmrm_methods" name="h_coef_table_works_as_expected"/>
    <testcase time="0.000999999999999446" classname="mmrm_methods" name="h_coef_table_works_as_expected"/>
    <testcase time="0.00600000000000023" classname="mmrm_methods" name="h_coef_table_works_as_expected"/>
    <testcase time="0.0339999999999989" classname="mmrm_methods" name="summary_works_as_expected"/>
    <testcase time="0.00200000000000067" classname="mmrm_methods" name="summary_works_as_expected"/>
    <testcase time="0.00199999999999889" classname="mmrm_methods" name="summary_works_as_expected"/>
    <testcase time="0.0380000000000003" classname="mmrm_methods" name="h_print_call_works_as_expected"/>
    <testcase time="0.0350000000000001" classname="mmrm_methods" name="h_print_call_works_as_expected_for_weighted_fits"/>
    <testcase time="0.0360000000000014" classname="mmrm_methods" name="h_print_cov_works_as_expected"/>
    <testcase time="0.0339999999999989" classname="mmrm_methods" name="h_print_cov_works_as_expected"/>
    <testcase time="0.00999999999999979" classname="mmrm_methods" name="h_print_aic_list_works_as_expected">
      <skipped message="Reason: On CRAN ('test-mmrm-methods.R:66')"/>
    </testcase>
    <testcase time="0.0310000000000006" classname="mmrm_methods" name="print.summary.mmrm_works_as_expected">
      <skipped message="Reason: On CRAN ('test-mmrm-methods.R:79')"/>
    </testcase>
    <testcase time="0.0310000000000006" classname="mmrm_methods" name="print.summary.mmrm_works_as_expected_for_weighted_models">
      <skipped message="Reason: On CRAN ('test-mmrm-methods.R:85')"/>
    </testcase>
    <testcase time="0.032" classname="mmrm_methods" name="print.summary.mmrm_works_as_expected_for_rank_deficient_fits">
      <skipped message="Reason: On CRAN ('test-mmrm-methods.R:91')"/>
    </testcase>
    <testcase time="0.0239999999999991" classname="mmrm_methods" name="print.summary.mmrm_works_as_expected_for_grouped_fits">
      <skipped message="Reason: On CRAN ('test-mmrm-methods.R:97')"/>
    </testcase>
    <testcase time="0.0210000000000008" classname="mmrm_methods" name="print.summary.mmrm_works_as_expected_for_spatial_fits">
      <skipped message="Reason: On CRAN ('test-mmrm-methods.R:104')"/>
    </testcase>
  </testsuite>
  <testsuite name="satterthwaite" timestamp="2023-02-23T15:22:56Z" hostname="ba2e62ffa2c3" tests="57" skipped="0" failures="0" errors="0" time="0.644">
    <testcase time="0.0229999999999997" classname="satterthwaite" name="h_covbeta_fun_works_as_expected"/>
    <testcase time="0.000999999999999446" classname="satterthwaite" name="h_covbeta_fun_works_as_expected"/>
    <testcase time="0.00699999999999967" classname="satterthwaite" name="h_covbeta_fun_works_as_expected"/>
    <testcase time="0.00500000000000078" classname="satterthwaite" name="h_covbeta_fun_works_as_expected"/>
    <testcase time="0.00699999999999967" classname="satterthwaite" name="h_jac_col_as_matrix_works_as_expected"/>
    <testcase time="0.00500000000000078" classname="satterthwaite" name="h_jac_col_as_matrix_works_as_expected"/>
    <testcase time="0.00699999999999967" classname="satterthwaite" name="h_jac_list_works_as_expected"/>
    <testcase time="0.00199999999999889" classname="satterthwaite" name="h_jac_list_works_as_expected"/>
    <testcase time="0.00700000000000145" classname="satterthwaite" name="h_jac_list_works_as_expected"/>
    <testcase time="0.00799999999999912" classname="satterthwaite" name="h_jac_list_works_as_expected"/>
    <testcase time="0.00699999999999967" classname="satterthwaite" name="h_jac_list_works_as_expected"/>
    <testcase time="0.0080000000000009" classname="satterthwaite" name="h_jac_list_works_as_expected"/>
    <testcase time="0.0149999999999988" classname="satterthwaite" name="h_quad_form_vec_works_as_expected"/>
    <testcase time="0.00500000000000078" classname="satterthwaite" name="h_quad_form_vec_works_as_expected"/>
    <testcase time="0.00699999999999967" classname="satterthwaite" name="h_quad_form_mat_works_as_expected_for_a_true_row_vector_as_mat"/>
    <testcase time="0.00500000000000078" classname="satterthwaite" name="h_quad_form_mat_works_as_expected_for_a_true_row_vector_as_mat"/>
    <testcase time="0.00699999999999967" classname="satterthwaite" name="h_quad_form_mat_works_as_expected_for_a_larger_mat"/>
    <testcase time="0.00499999999999901" classname="satterthwaite" name="h_quad_form_mat_works_as_expected_for_a_larger_mat"/>
    <testcase time="0.00700000000000145" classname="satterthwaite" name="h_gradient_works_as_expected"/>
    <testcase time="0.00499999999999901" classname="satterthwaite" name="h_gradient_works_as_expected"/>
    <testcase time="0.00699999999999967" classname="satterthwaite" name="h_df_1d_list_works_as_expected"/>
    <testcase time="0.00500000000000078" classname="satterthwaite" name="h_df_1d_list_works_as_expected"/>
    <testcase time="0.0730000000000004" classname="satterthwaite" name="h_df_1d_sat_works_as_expected"/>
    <testcase time="0.00199999999999889" classname="satterthwaite" name="h_df_1d_sat_works_as_expected"/>
    <testcase time="0.00700000000000145" classname="satterthwaite" name="h_df_1d_sat_works_as_expected"/>
    <testcase time="0.00599999999999845" classname="satterthwaite" name="h_df_1d_sat_works_as_expected"/>
    <testcase time="0.00500000000000078" classname="satterthwaite" name="h_df_1d_sat_works_as_expected"/>
    <testcase time="0.00600000000000023" classname="satterthwaite" name="h_df_1d_sat_works_as_expected"/>
    <testcase time="0.00799999999999912" classname="satterthwaite" name="h_df_1d_sat_works_as_expected"/>
    <testcase time="0.145000000000001" classname="satterthwaite" name="h_df_1d_sat_works_as_expected_for_singular_fits"/>
    <testcase time="0.00300000000000011" classname="satterthwaite" name="h_df_1d_sat_works_as_expected_for_singular_fits"/>
    <testcase time="0.00899999999999856" classname="satterthwaite" name="h_df_1d_sat_works_as_expected_for_singular_fits"/>
    <testcase time="0.0080000000000009" classname="satterthwaite" name="h_md_denom_df_works_as_expected_in_the_standard_case"/>
    <testcase time="0.00600000000000023" classname="satterthwaite" name="h_md_denom_df_works_as_expected_in_the_standard_case"/>
    <testcase time="0.00699999999999967" classname="satterthwaite" name="h_md_denom_df_works_as_expected_for_a_single_t_statistic"/>
    <testcase time="0.00499999999999901" classname="satterthwaite" name="h_md_denom_df_works_as_expected_for_a_single_t_statistic"/>
    <testcase time="0.00700000000000145" classname="satterthwaite" name="h_md_denom_df_works_as_expected_when_the_t_statistics_are_almost_identical"/>
    <testcase time="0.00499999999999901" classname="satterthwaite" name="h_md_denom_df_works_as_expected_when_the_t_statistics_are_almost_identical"/>
    <testcase time="0.011000000000001" classname="satterthwaite" name="h_md_denom_df_works_as_expected_when_one_t_statistic_is_2_or_smaller"/>
    <testcase time="0.00599999999999845" classname="satterthwaite" name="h_md_denom_df_works_as_expected_when_one_t_statistic_is_2_or_smaller"/>
    <testcase time="0.00600000000000023" classname="satterthwaite" name="h_md_denom_df_works_as_expected_when_one_t_statistic_is_2_or_smaller"/>
    <testcase time="0.00700000000000145" classname="satterthwaite" name="h_df_md_list_works_as_expected"/>
    <testcase time="0.00899999999999856" classname="satterthwaite" name="h_df_md_list_works_as_expected"/>
    <testcase time="0.0710000000000015" classname="satterthwaite" name="h_df_md_from_1d_works_as_expected"/>
    <testcase time="0.00199999999999889" classname="satterthwaite" name="h_df_md_from_1d_works_as_expected"/>
    <testcase time="0.00200000000000067" classname="satterthwaite" name="h_df_md_from_1d_works_as_expected"/>
    <testcase time="0.0109999999999992" classname="satterthwaite" name="h_df_md_sat_works_as_expected"/>
    <testcase time="0.00100000000000122" classname="satterthwaite" name="h_df_md_sat_works_as_expected"/>
    <testcase time="0.00599999999999845" classname="satterthwaite" name="h_df_md_sat_works_as_expected"/>
    <testcase time="0.00499999999999901" classname="satterthwaite" name="h_df_md_sat_works_as_expected"/>
    <testcase time="0.00600000000000023" classname="satterthwaite" name="h_df_md_sat_works_as_expected"/>
    <testcase time="0.00600000000000023" classname="satterthwaite" name="h_df_md_sat_works_as_expected"/>
    <testcase time="0.00900000000000034" classname="satterthwaite" name="h_df_md_sat_works_as_expected_with_a_non_full_rank_contrast_matrix"/>
    <testcase time="0.00900000000000034" classname="satterthwaite" name="h_df_md_sat_works_as_expected_with_a_non_full_rank_contrast_matrix"/>
    <testcase time="0.00999999999999979" classname="satterthwaite" name="h_df_md_sat_works_as_expected_for_rank_deficient_model"/>
    <testcase time="0.00499999999999901" classname="satterthwaite" name="h_df_md_sat_works_as_expected_for_rank_deficient_model"/>
    <testcase time="0.00500000000000078" classname="satterthwaite" name="h_df_md_sat_works_as_expected_for_rank_deficient_model"/>
  </testsuite>
  <testsuite name="testings" timestamp="2023-02-23T15:22:57Z" hostname="ba2e62ffa2c3" tests="5" skipped="0" failures="0" errors="0" time="0.071">
    <testcase time="0.0169999999999995" classname="testings" name="df_1d_use_correct_function_on_Satterthewaite_method_fit"/>
    <testcase time="0.011000000000001" classname="testings" name="df_1d_use_correct_function_on_Kenward_Roger_method_fit"/>
    <testcase time="0.0129999999999999" classname="testings" name="df_md_use_correct_function_on_Satterthewaite_method_fit"/>
    <testcase time="0.0119999999999987" classname="testings" name="df_md_use_correct_function_on_Kenward_Roger_method_fit"/>
    <testcase time="0.0180000000000007" classname="testings" name="df_md_use_correct_function_on_Kenward_Roger_Linear_method_fit"/>
  </testsuite>
  <testsuite name="tmb-methods" timestamp="2023-02-23T15:22:57Z" hostname="ba2e62ffa2c3" tests="48" skipped="2" failures="0" errors="0" time="0.242">
    <testcase time="0.0129999999999999" classname="tmb_methods" name="coef_works_as_expected"/>
    <testcase time="0.0080000000000009" classname="tmb_methods" name="coef_works_as_expected"/>
    <testcase time="0.00699999999999967" classname="tmb_methods" name="coef_works_as_expected_for_rank_deficient_model"/>
    <testcase time="0.00600000000000023" classname="tmb_methods" name="coef_works_as_expected_for_rank_deficient_model"/>
    <testcase time="0.00300000000000011" classname="tmb_methods" name="coef_works_as_expected_for_rank_deficient_model"/>
    <testcase time="0.00599999999999845" classname="tmb_methods" name="coef_works_as_expected_for_rank_deficient_model"/>
    <testcase time="0.00600000000000023" classname="tmb_methods" name="fitted_works_as_expected"/>
    <testcase time="0.00200000000000067" classname="tmb_methods" name="fitted_works_as_expected"/>
    <testcase time="0.00699999999999967" classname="tmb_methods" name="model.frame_works_as_expected_with_defaults"/>
    <testcase time="0.000999999999999446" classname="tmb_methods" name="model.frame_works_as_expected_with_defaults"/>
    <testcase time="0.00200000000000067" classname="tmb_methods" name="model.frame_works_as_expected_with_defaults"/>
    <testcase time="0.000999999999999446" classname="tmb_methods" name="model.frame_works_as_expected_with_defaults"/>
    <testcase time="0.0080000000000009" classname="tmb_methods" name="model.frame_returns_full_model_frame_if_requested"/>
    <testcase time="0.000999999999999446" classname="tmb_methods" name="model.frame_returns_full_model_frame_if_requested"/>
    <testcase time="0.00200000000000067" classname="tmb_methods" name="model.frame_returns_full_model_frame_if_requested"/>
    <testcase time="0.000999999999999446" classname="tmb_methods" name="model.frame_returns_full_model_frame_if_requested"/>
    <testcase time="0.00699999999999967" classname="tmb_methods" name="logLik_works_as_expected"/>
    <testcase time="0.00699999999999967" classname="tmb_methods" name="logLik_works_as_expected"/>
    <testcase time="0.00600000000000023" classname="tmb_methods" name="formula_works_as_expected"/>
    <testcase time="0.00600000000000023" classname="tmb_methods" name="formula_works_as_expected"/>
    <testcase time="0.00600000000000023" classname="tmb_methods" name="formula_works_as_expected"/>
    <testcase time="0.00600000000000023" classname="tmb_methods" name="vcov_works_as_expected"/>
    <testcase time="0.00200000000000067" classname="tmb_methods" name="vcov_works_as_expected"/>
    <testcase time="0.000999999999999446" classname="tmb_methods" name="vcov_works_as_expected"/>
    <testcase time="0.00200000000000067" classname="tmb_methods" name="vcov_works_as_expected"/>
    <testcase time="0.00599999999999845" classname="tmb_methods" name="vcov_works_as_expected_for_rank_deficient_model"/>
    <testcase time="0.00200000000000067" classname="tmb_methods" name="vcov_works_as_expected_for_rank_deficient_model"/>
    <testcase time="0.000999999999999446" classname="tmb_methods" name="vcov_works_as_expected_for_rank_deficient_model"/>
    <testcase time="0.00200000000000067" classname="tmb_methods" name="vcov_works_as_expected_for_rank_deficient_model"/>
    <testcase time="0.00399999999999956" classname="tmb_methods" name="vcov_works_as_expected_for_rank_deficient_model"/>
    <testcase time="0.00200000000000067" classname="tmb_methods" name="vcov_works_as_expected_for_rank_deficient_model"/>
    <testcase time="0.00199999999999889" classname="tmb_methods" name="vcov_works_as_expected_for_rank_deficient_model"/>
    <testcase time="0.00700000000000145" classname="tmb_methods" name="VarCorr_works_as_expected"/>
    <testcase time="0.00199999999999889" classname="tmb_methods" name="VarCorr_works_as_expected"/>
    <testcase time="0.00200000000000067" classname="tmb_methods" name="VarCorr_works_as_expected"/>
    <testcase time="0.00199999999999889" classname="tmb_methods" name="VarCorr_works_as_expected"/>
    <testcase time="0.00600000000000023" classname="tmb_methods" name="deviance_works_as_expected"/>
    <testcase time="0.00700000000000145" classname="tmb_methods" name="deviance_works_as_expected"/>
    <testcase time="0.00699999999999967" classname="tmb_methods" name="AIC_works_as_expected_with_defaults"/>
    <testcase time="0.00499999999999901" classname="tmb_methods" name="AIC_works_as_expected_with_defaults"/>
    <testcase time="0.00699999999999967" classname="tmb_methods" name="AIC_works_as_expected_with_different_k"/>
    <testcase time="0.00600000000000023" classname="tmb_methods" name="AIC_works_as_expected_with_different_k"/>
    <testcase time="0.00700000000000145" classname="tmb_methods" name="corrected_AIC_works_as_expected"/>
    <testcase time="0.00599999999999845" classname="tmb_methods" name="corrected_AIC_works_as_expected"/>
    <testcase time="0.00700000000000145" classname="tmb_methods" name="BIC_works_as_expected"/>
    <testcase time="0.00599999999999845" classname="tmb_methods" name="BIC_works_as_expected"/>
    <testcase time="0.0100000000000016" classname="tmb_methods" name="print.mmrm_tmb_works_as_expected">
      <skipped message="Reason: On CRAN ('test-tmb-methods.R:158')"/>
    </testcase>
    <testcase time="0.0190000000000001" classname="tmb_methods" name="print.mmrm_tmb_works_as_expected_for_rank_deficient_fits">
      <skipped message="Reason: On CRAN ('test-tmb-methods.R:165')"/>
    </testcase>
  </testsuite>
  <testsuite name="tmb" timestamp="2023-02-23T15:22:57Z" hostname="ba2e62ffa2c3" tests="405" skipped="0" failures="0" errors="0" time="5.488">
    <testcase time="0.036999999999999" classname="tmb" name="mmrm_control_works_as_expected"/>
    <testcase time="0.00900000000000034" classname="tmb" name="h_mmrm_tmb_extract_terms_works_for_covariance_terms_as_expected"/>
    <testcase time="0.00799999999999912" classname="tmb" name="h_mmrm_tmb_extract_terms_works_for_covariance_terms_as_expected"/>
    <testcase time="0.00700000000000145" classname="tmb" name="h_mmrm_tmb_extract_terms_works_for_covariance_terms_as_expected"/>
    <testcase time="0.00499999999999901" classname="tmb" name="h_mmrm_tmb_extract_terms_works_for_covariance_terms_as_expected"/>
    <testcase time="0.0080000000000009" classname="tmb" name="h_mmrm_tmb_extract_terms_works_for_covariance_terms_as_expected"/>
    <testcase time="0.00799999999999912" classname="tmb" name="h_mmrm_tmb_extract_terms_works_for_covariance_terms_as_expected"/>
    <testcase time="0.00900000000000034" classname="tmb" name="h_mmrm_tmb_extract_vars_works_for_non_grouped_formula_as_expected"/>
    <testcase time="0.00600000000000023" classname="tmb" name="h_mmrm_tmb_extract_vars_works_for_non_grouped_formula_as_expected"/>
    <testcase time="0.00900000000000034" classname="tmb" name="h_mmrm_tmb_extract_vars_works_for_non_grouped_formula_as_expected"/>
    <testcase time="0.016" classname="tmb" name="h_mmrm_tmb_extract_vars_works_for_grouped_formula_as_expected"/>
    <testcase time="0.00899999999999856" classname="tmb" name="h_mmrm_tmb_extract_vars_works_for_grouped_formula_as_expected"/>
    <testcase time="0.00900000000000034" classname="tmb" name="h_mmrm_tmb_extract_vars_works_for_grouped_formula_as_expected"/>
    <testcase time="0.00999999999999979" classname="tmb" name="h_mmrm_tmb_extract_vars_works_for_grouped_formula_as_expected"/>
    <testcase time="0.00999999999999979" classname="tmb" name="h_mmrm_tmb_extract_vars_works_for_multiple_coordinates_as_expected"/>
    <testcase time="0.0080000000000009" classname="tmb" name="h_mmrm_tmb_extract_vars_works_for_multiple_coordinates_as_expected"/>
    <testcase time="0.0169999999999995" classname="tmb" name="h_mmrm_tmb_extract_vars_works_for_multiple_coordinates_as_expected"/>
    <testcase time="0.00900000000000034" classname="tmb" name="h_mmrm_tmb_formula_parts_works_as_expected"/>
    <testcase time="0.00500000000000078" classname="tmb" name="h_mmrm_tmb_formula_parts_works_as_expected"/>
    <testcase time="0.00300000000000011" classname="tmb" name="h_mmrm_tmb_formula_parts_works_as_expected"/>
    <testcase time="0.00499999999999901" classname="tmb" name="h_mmrm_tmb_formula_parts_works_as_expected"/>
    <testcase time="0.0080000000000009" classname="tmb" name="h_mmrm_tmb_formula_parts_works_as_expected"/>
    <testcase time="0.00899999999999856" classname="tmb" name="h_mmrm_tmb_formula_parts_works_as_expected"/>
    <testcase time="0.011000000000001" classname="tmb" name="h_mmrm_tmb_formula_parts_works_as_expected"/>
    <testcase time="0.00999999999999979" classname="tmb" name="h_mmrm_tmb_formula_parts_works_as_expected"/>
    <testcase time="0.0109999999999992" classname="tmb" name="h_mmrm_tmb_formula_parts_works_as_expected"/>
    <testcase time="0.0100000000000016" classname="tmb" name="h_mmrm_tmb_formula_parts_works_as_expected"/>
    <testcase time="0.0119999999999987" classname="tmb" name="h_mmrm_tmb_formula_parts_works_without_covariates"/>
    <testcase time="0.00600000000000023" classname="tmb" name="h_mmrm_tmb_formula_parts_works_without_covariates"/>
    <testcase time="0.00699999999999967" classname="tmb" name="h_mmrm_tmb_formula_parts_works_as_expected_for_antedependence"/>
    <testcase time="0.00600000000000023" classname="tmb" name="h_mmrm_tmb_formula_parts_works_as_expected_for_antedependence"/>
    <testcase time="0.0129999999999999" classname="tmb" name="h_mmrm_tmb_data_works_as_expected"/>
    <testcase time="0.00200000000000067" classname="tmb" name="h_mmrm_tmb_data_works_as_expected"/>
    <testcase time="0.00199999999999889" classname="tmb" name="h_mmrm_tmb_data_works_as_expected"/>
    <testcase time="0.00200000000000067" classname="tmb" name="h_mmrm_tmb_data_works_as_expected"/>
    <testcase time="0.000999999999999446" classname="tmb" name="h_mmrm_tmb_data_works_as_expected"/>
    <testcase time="0.00300000000000011" classname="tmb" name="h_mmrm_tmb_data_works_as_expected"/>
    <testcase time="0.00500000000000078" classname="tmb" name="h_mmrm_tmb_data_works_as_expected"/>
    <testcase time="0.000999999999999446" classname="tmb" name="h_mmrm_tmb_data_works_as_expected"/>
    <testcase time="0.00699999999999967" classname="tmb" name="h_mmrm_tmb_data_works_as_expected"/>
    <testcase time="0.00600000000000023" classname="tmb" name="h_mmrm_tmb_data_works_as_expected"/>
    <testcase time="0.00600000000000023" classname="tmb" name="h_mmrm_tmb_data_works_as_expected"/>
    <testcase time="0.00600000000000023" classname="tmb" name="h_mmrm_tmb_data_works_as_expected"/>
    <testcase time="0.0139999999999993" classname="tmb" name="h_mmrm_tmb_data_works_as_expected_for_grouped_covariance"/>
    <testcase time="0.00100000000000122" classname="tmb" name="h_mmrm_tmb_data_works_as_expected_for_grouped_covariance"/>
    <testcase time="0.000999999999999446" classname="tmb" name="h_mmrm_tmb_data_works_as_expected_for_grouped_covariance"/>
    <testcase time="0.00200000000000067" classname="tmb" name="h_mmrm_tmb_data_works_as_expected_for_grouped_covariance"/>
    <testcase time="0.00200000000000067" classname="tmb" name="h_mmrm_tmb_data_works_as_expected_for_grouped_covariance"/>
    <testcase time="0.00199999999999889" classname="tmb" name="h_mmrm_tmb_data_works_as_expected_for_grouped_covariance"/>
    <testcase time="0.00500000000000078" classname="tmb" name="h_mmrm_tmb_data_works_as_expected_for_grouped_covariance"/>
    <testcase time="0.00300000000000011" classname="tmb" name="h_mmrm_tmb_data_works_as_expected_for_grouped_covariance"/>
    <testcase time="0.00699999999999967" classname="tmb" name="h_mmrm_tmb_data_works_as_expected_for_grouped_covariance"/>
    <testcase time="0.00499999999999901" classname="tmb" name="h_mmrm_tmb_data_works_as_expected_for_grouped_covariance"/>
    <testcase time="0.00300000000000011" classname="tmb" name="h_mmrm_tmb_data_works_as_expected_for_grouped_covariance"/>
    <testcase time="0.0080000000000009" classname="tmb" name="h_mmrm_tmb_data_works_as_expected_for_grouped_covariance"/>
    <testcase time="0.0220000000000002" classname="tmb" name="h_mmrm_tmb_data_works_as_expected_for_mutli_dimensional_spatial_exponential_covariance"/>
    <testcase time="0.00199999999999889" classname="tmb" name="h_mmrm_tmb_data_works_as_expected_for_mutli_dimensional_spatial_exponential_covariance"/>
    <testcase time="0.00300000000000011" classname="tmb" name="h_mmrm_tmb_data_works_as_expected_for_mutli_dimensional_spatial_exponential_covariance"/>
    <testcase time="0.00200000000000067" classname="tmb" name="h_mmrm_tmb_data_works_as_expected_for_mutli_dimensional_spatial_exponential_covariance"/>
    <testcase time="0.00200000000000067" classname="tmb" name="h_mmrm_tmb_data_works_as_expected_for_mutli_dimensional_spatial_exponential_covariance"/>
    <testcase time="0.00599999999999845" classname="tmb" name="h_mmrm_tmb_data_works_as_expected_for_mutli_dimensional_spatial_exponential_covariance"/>
    <testcase time="0.00300000000000011" classname="tmb" name="h_mmrm_tmb_data_works_as_expected_for_mutli_dimensional_spatial_exponential_covariance"/>
    <testcase time="0.00600000000000023" classname="tmb" name="h_mmrm_tmb_data_works_as_expected_for_mutli_dimensional_spatial_exponential_covariance"/>
    <testcase time="0.00500000000000078" classname="tmb" name="h_mmrm_tmb_data_works_as_expected_for_mutli_dimensional_spatial_exponential_covariance"/>
    <testcase time="0.00199999999999889" classname="tmb" name="h_mmrm_tmb_data_works_as_expected_for_mutli_dimensional_spatial_exponential_covariance"/>
    <testcase time="0.00600000000000023" classname="tmb" name="h_mmrm_tmb_data_works_as_expected_for_mutli_dimensional_spatial_exponential_covariance"/>
    <testcase time="0.00199999999999889" classname="tmb" name="h_mmrm_tmb_data_works_as_expected_for_mutli_dimensional_spatial_exponential_covariance"/>
    <testcase time="0.016" classname="tmb" name="h_mmrm_tmb_data_works_also_for_character_ID_variable"/>
    <testcase time="0.00900000000000034" classname="tmb" name="h_mmrm_tmb_data_works_also_for_character_ID_variable"/>
    <testcase time="0.00600000000000023" classname="tmb" name="h_mmrm_tmb_data_works_also_for_character_ID_variable"/>
    <testcase time="0.0150000000000006" classname="tmb" name="h_mmrm_tmb_data_correctly_processes_design_matrix_below_full_rank_correctly"/>
    <testcase time="0.0199999999999996" classname="tmb" name="h_mmrm_tmb_data_gives_error_for_rank_deficient_design_matrix_when_not_accepted"/>
    <testcase time="0.016" classname="tmb" name="h_mmrm_tmb_data_catches_case_with_multiple_time_points_per_subject_early"/>
    <testcase time="0.0199999999999996" classname="tmb" name="h_mmrm_tmb_data_has_no_side_effect_of_overwrite_the_weights_in_global_env"/>
    <testcase time="0.0259999999999998" classname="tmb" name="h_mmrm_tmb_data_will_not_be_affecte_by_weights_in_data"/>
    <testcase time="0.00600000000000023" classname="tmb" name="h_mmrm_tmb_data_will_not_be_affecte_by_weights_in_data"/>
    <testcase time="0.0150000000000006" classname="tmb" name="h_mmrm_tmb_parameters_works_as_expected_without_start_values"/>
    <testcase time="0.00600000000000023" classname="tmb" name="h_mmrm_tmb_parameters_works_as_expected_without_start_values"/>
    <testcase time="0.0129999999999999" classname="tmb" name="h_mmrm_tmb_parameters_works_as_expected_with_start_values"/>
    <testcase time="0.00600000000000023" classname="tmb" name="h_mmrm_tmb_parameters_works_as_expected_with_start_values"/>
    <testcase time="0.0149999999999988" classname="tmb" name="h_mmrm_tmb_parameters_works_as_expected_with_antedependence"/>
    <testcase time="0.00600000000000023" classname="tmb" name="h_mmrm_tmb_parameters_works_as_expected_with_antedependence"/>
    <testcase time="0.016" classname="tmb" name="h_mmrm_tmb_parameters_works_as_expected_with_heterogeneous_antedependence"/>
    <testcase time="0.00699999999999967" classname="tmb" name="h_mmrm_tmb_parameters_works_as_expected_with_heterogeneous_antedependence"/>
    <testcase time="0.0140000000000011" classname="tmb" name="h_mmrm_tmb_parameters_works_as_expected_with_Toeplitz"/>
    <testcase time="0.00599999999999845" classname="tmb" name="h_mmrm_tmb_parameters_works_as_expected_with_Toeplitz"/>
    <testcase time="0.0140000000000011" classname="tmb" name="h_mmrm_tmb_parameters_works_as_expected_with_heterogeneous_Toeplitz"/>
    <testcase time="0.00600000000000023" classname="tmb" name="h_mmrm_tmb_parameters_works_as_expected_with_heterogeneous_Toeplitz"/>
    <testcase time="0.0139999999999993" classname="tmb" name="h_mmrm_tmb_parameters_works_as_expected_with_autoregressive"/>
    <testcase time="0.00699999999999967" classname="tmb" name="h_mmrm_tmb_parameters_works_as_expected_with_autoregressive"/>
    <testcase time="0.0129999999999999" classname="tmb" name="h_mmrm_tmb_parameters_works_as_expected_with_heterogeneous_autoregressive"/>
    <testcase time="0.00499999999999901" classname="tmb" name="h_mmrm_tmb_parameters_works_as_expected_with_heterogeneous_autoregressive"/>
    <testcase time="0.0150000000000006" classname="tmb" name="h_mmrm_tmb_parameters_works_as_expected_with_compound_symmetry"/>
    <testcase time="0.00600000000000023" classname="tmb" name="h_mmrm_tmb_parameters_works_as_expected_with_compound_symmetry"/>
    <testcase time="0.0149999999999988" classname="tmb" name="h_mmrm_tmb_parameters_works_as_expected_with_heterogeneous_compound_symmetry"/>
    <testcase time="0.00600000000000023" classname="tmb" name="h_mmrm_tmb_parameters_works_as_expected_with_heterogeneous_compound_symmetry"/>
    <testcase time="0.0129999999999999" classname="tmb" name="h_mmrm_tmb_parameters_works_as_expected_with_spatial_exponential"/>
    <testcase time="0.00600000000000023" classname="tmb" name="h_mmrm_tmb_parameters_works_as_expected_with_spatial_exponential"/>
    <testcase time="0.0080000000000009" classname="tmb" name="h_mmrm_tmb_assert_start_passes_as_expected_for_sane_start_values"/>
    <testcase time="0.00600000000000023" classname="tmb" name="h_mmrm_tmb_assert_start_passes_as_expected_for_sane_start_values"/>
    <testcase time="0.0129999999999999" classname="tmb" name="h_mmrm_tmb_assert_start_fails_as_expected_for_NaN_objective_function_at_start"/>
    <testcase time="0.0119999999999987" classname="tmb" name="h_mmrm_tmb_assert_start_fails_as_expected_for_NaN_gradient_function_at_start"/>
    <testcase time="0.00700000000000145" classname="tmb" name="h_mmrm_tmb_check_conv_passes_as_expected_for_sane_optimization_result"/>
    <testcase time="0.00699999999999967" classname="tmb" name="h_mmrm_tmb_check_conv_passes_as_expected_for_sane_optimization_result"/>
    <testcase time="0.0139999999999993" classname="tmb" name="h_mmrm_tmb_check_conv_raises_singular_hessian_warning_as_expected"/>
    <testcase time="0.0150000000000006" classname="tmb" name="h_mmrm_tmb_check_conv_warns_if_convergence_code_signals_non_convergence"/>
    <testcase time="0.0429999999999993" classname="tmb" name="h_mmrm_tmb_extract_cov_works_as_expected"/>
    <testcase time="0.00699999999999967" classname="tmb" name="h_mmrm_tmb_extract_cov_works_as_expected"/>
    <testcase time="0.048" classname="tmb" name="h_mmrm_tmb_extract_cov_works_as_expected_for_group_covariance"/>
    <testcase time="0.00700000000000145" classname="tmb" name="h_mmrm_tmb_extract_cov_works_as_expected_for_group_covariance"/>
    <testcase time="0.00599999999999845" classname="tmb" name="h_mmrm_tmb_extract_cov_works_as_expected_for_group_covariance"/>
    <testcase time="0.0440000000000005" classname="tmb" name="h_mmrm_tmb_fit_works_as_expected"/>
    <testcase time="0.00300000000000011" classname="tmb" name="h_mmrm_tmb_fit_works_as_expected"/>
    <testcase time="0.00300000000000011" classname="tmb" name="h_mmrm_tmb_fit_works_as_expected"/>
    <testcase time="0.00699999999999967" classname="tmb" name="h_mmrm_tmb_fit_works_as_expected"/>
    <testcase time="0.00699999999999967" classname="tmb" name="h_mmrm_tmb_fit_works_as_expected"/>
    <testcase time="0.00300000000000011" classname="tmb" name="h_mmrm_tmb_fit_works_as_expected"/>
    <testcase time="0.00700000000000145" classname="tmb" name="h_mmrm_tmb_fit_works_as_expected"/>
    <testcase time="0.00699999999999967" classname="tmb" name="h_mmrm_tmb_fit_works_as_expected"/>
    <testcase time="0.00399999999999956" classname="tmb" name="h_mmrm_tmb_fit_works_as_expected"/>
    <testcase time="0.00300000000000011" classname="tmb" name="h_mmrm_tmb_fit_works_as_expected"/>
    <testcase time="0.00300000000000011" classname="tmb" name="h_mmrm_tmb_fit_works_as_expected"/>
    <testcase time="0.00399999999999956" classname="tmb" name="h_mmrm_tmb_fit_works_as_expected"/>
    <testcase time="0.00700000000000145" classname="tmb" name="h_mmrm_tmb_fit_works_as_expected"/>
    <testcase time="0.00300000000000011" classname="tmb" name="h_mmrm_tmb_fit_works_as_expected"/>
    <testcase time="0.00299999999999834" classname="tmb" name="h_mmrm_tmb_fit_works_as_expected"/>
    <testcase time="0.00400000000000134" classname="tmb" name="h_mmrm_tmb_fit_works_as_expected"/>
    <testcase time="0.0399999999999991" classname="tmb" name="h_mmrm_tmb_fit_works_as_expected_for_grouped_covariance"/>
    <testcase time="0.00300000000000011" classname="tmb" name="h_mmrm_tmb_fit_works_as_expected_for_grouped_covariance"/>
    <testcase time="0.00300000000000011" classname="tmb" name="h_mmrm_tmb_fit_works_as_expected_for_grouped_covariance"/>
    <testcase time="0.0080000000000009" classname="tmb" name="h_mmrm_tmb_fit_works_as_expected_for_grouped_covariance"/>
    <testcase time="0.00599999999999845" classname="tmb" name="h_mmrm_tmb_fit_works_as_expected_for_grouped_covariance"/>
    <testcase time="0.0080000000000009" classname="tmb" name="h_mmrm_tmb_fit_works_as_expected_for_grouped_covariance"/>
    <testcase time="0.00600000000000023" classname="tmb" name="h_mmrm_tmb_fit_works_as_expected_for_grouped_covariance"/>
    <testcase time="0.00499999999999901" classname="tmb" name="h_mmrm_tmb_fit_works_as_expected_for_grouped_covariance"/>
    <testcase time="0.00700000000000145" classname="tmb" name="h_mmrm_tmb_fit_works_as_expected_for_grouped_covariance"/>
    <testcase time="0.00699999999999967" classname="tmb" name="h_mmrm_tmb_fit_works_as_expected_for_grouped_covariance"/>
    <testcase time="0.00399999999999956" classname="tmb" name="h_mmrm_tmb_fit_works_as_expected_for_grouped_covariance"/>
    <testcase time="0.00300000000000011" classname="tmb" name="h_mmrm_tmb_fit_works_as_expected_for_grouped_covariance"/>
    <testcase time="0.00300000000000011" classname="tmb" name="h_mmrm_tmb_fit_works_as_expected_for_grouped_covariance"/>
    <testcase time="0.00399999999999956" classname="tmb" name="h_mmrm_tmb_fit_works_as_expected_for_grouped_covariance"/>
    <testcase time="0.00699999999999967" classname="tmb" name="h_mmrm_tmb_fit_works_as_expected_for_grouped_covariance"/>
    <testcase time="0.00300000000000011" classname="tmb" name="h_mmrm_tmb_fit_works_as_expected_for_grouped_covariance"/>
    <testcase time="0.00399999999999956" classname="tmb" name="h_mmrm_tmb_fit_works_as_expected_for_grouped_covariance"/>
    <testcase time="0.00300000000000011" classname="tmb" name="h_mmrm_tmb_fit_works_as_expected_for_grouped_covariance"/>
    <testcase time="0.0230000000000015" classname="tmb" name="h_mmrm_tmb_fit_errors_when_an_invalid_covariance_type_is_used"/>
    <testcase time="0.0119999999999987" classname="tmb" name="h_mmrm_tmb_fit_errors_when_an_invalid_covariance_type_is_used"/>
    <testcase time="0.0360000000000014" classname="tmb" name="h_mmrm_tmb_works_as_expected_in_a_simple_model_without_covariates_and_ML"/>
    <testcase time="0.00299999999999834" classname="tmb" name="h_mmrm_tmb_works_as_expected_in_a_simple_model_without_covariates_and_ML"/>
    <testcase time="0.00400000000000134" classname="tmb" name="h_mmrm_tmb_works_as_expected_in_a_simple_model_without_covariates_and_ML"/>
    <testcase time="0.00399999999999956" classname="tmb" name="h_mmrm_tmb_works_as_expected_in_a_simple_model_without_covariates_and_ML"/>
    <testcase time="0.00999999999999979" classname="tmb" name="h_mmrm_tmb_works_as_expected_in_a_simple_model_without_covariates_and_ML"/>
    <testcase time="0.0080000000000009" classname="tmb" name="h_mmrm_tmb_works_as_expected_in_a_simple_model_without_covariates_and_ML"/>
    <testcase time="0.00799999999999912" classname="tmb" name="h_mmrm_tmb_works_as_expected_in_a_simple_model_without_covariates_and_ML"/>
    <testcase time="0.0150000000000006" classname="tmb" name="h_mmrm_tmb_works_as_expected_in_a_simple_model_without_covariates_and_ML"/>
    <testcase time="0.0359999999999996" classname="tmb" name="h_mmrm_tmb_works_as_expected_in_a_simple_model_without_covariates_and_REML"/>
    <testcase time="0.00399999999999956" classname="tmb" name="h_mmrm_tmb_works_as_expected_in_a_simple_model_without_covariates_and_REML"/>
    <testcase time="0.00500000000000078" classname="tmb" name="h_mmrm_tmb_works_as_expected_in_a_simple_model_without_covariates_and_REML"/>
    <testcase time="0.00399999999999956" classname="tmb" name="h_mmrm_tmb_works_as_expected_in_a_simple_model_without_covariates_and_REML"/>
    <testcase time="0.00999999999999979" classname="tmb" name="h_mmrm_tmb_works_as_expected_in_a_simple_model_without_covariates_and_REML"/>
    <testcase time="0.00900000000000034" classname="tmb" name="h_mmrm_tmb_works_as_expected_in_a_simple_model_without_covariates_and_REML"/>
    <testcase time="0.00900000000000034" classname="tmb" name="h_mmrm_tmb_works_as_expected_in_a_simple_model_without_covariates_and_REML"/>
    <testcase time="0.00900000000000034" classname="tmb" name="h_mmrm_tmb_works_as_expected_in_a_simple_model_without_covariates_and_REML"/>
    <testcase time="0.0350000000000001" classname="tmb" name="h_mmrm_tmb_works_with_ad_covariance_structure_and_ML"/>
    <testcase time="0.00399999999999956" classname="tmb" name="h_mmrm_tmb_works_with_ad_covariance_structure_and_ML"/>
    <testcase time="0.00900000000000034" classname="tmb" name="h_mmrm_tmb_works_with_ad_covariance_structure_and_ML"/>
    <testcase time="0.00899999999999856" classname="tmb" name="h_mmrm_tmb_works_with_ad_covariance_structure_and_ML"/>
    <testcase time="0.011000000000001" classname="tmb" name="h_mmrm_tmb_works_with_ad_covariance_structure_and_ML"/>
    <testcase time="0.00900000000000034" classname="tmb" name="h_mmrm_tmb_works_with_ad_covariance_structure_and_ML"/>
    <testcase time="0.0359999999999996" classname="tmb" name="h_mmrm_tmb_works_with_ad_covariance_structure_and_REML"/>
    <testcase time="0.00399999999999956" classname="tmb" name="h_mmrm_tmb_works_with_ad_covariance_structure_and_REML"/>
    <testcase time="0.00900000000000034" classname="tmb" name="h_mmrm_tmb_works_with_ad_covariance_structure_and_REML"/>
    <testcase time="0.00900000000000034" classname="tmb" name="h_mmrm_tmb_works_with_ad_covariance_structure_and_REML"/>
    <testcase time="0.00799999999999912" classname="tmb" name="h_mmrm_tmb_works_with_ad_covariance_structure_and_REML"/>
    <testcase time="0.00900000000000034" classname="tmb" name="h_mmrm_tmb_works_with_ad_covariance_structure_and_REML"/>
    <testcase time="0.0389999999999997" classname="tmb" name="h_mmrm_tmb_works_with_adh_covariance_structure_and_ML"/>
    <testcase time="0.00399999999999956" classname="tmb" name="h_mmrm_tmb_works_with_adh_covariance_structure_and_ML"/>
    <testcase time="0.00900000000000034" classname="tmb" name="h_mmrm_tmb_works_with_adh_covariance_structure_and_ML"/>
    <testcase time="0.00900000000000034" classname="tmb" name="h_mmrm_tmb_works_with_adh_covariance_structure_and_ML"/>
    <testcase time="0.0080000000000009" classname="tmb" name="h_mmrm_tmb_works_with_adh_covariance_structure_and_ML"/>
    <testcase time="0.00799999999999912" classname="tmb" name="h_mmrm_tmb_works_with_adh_covariance_structure_and_ML"/>
    <testcase time="0.0340000000000007" classname="tmb" name="h_mmrm_tmb_works_with_adh_covariance_structure_and_REML"/>
    <testcase time="0.00499999999999901" classname="tmb" name="h_mmrm_tmb_works_with_adh_covariance_structure_and_REML"/>
    <testcase time="0.011000000000001" classname="tmb" name="h_mmrm_tmb_works_with_adh_covariance_structure_and_REML"/>
    <testcase time="0.00999999999999979" classname="tmb" name="h_mmrm_tmb_works_with_adh_covariance_structure_and_REML"/>
    <testcase time="0.00900000000000034" classname="tmb" name="h_mmrm_tmb_works_with_adh_covariance_structure_and_REML"/>
    <testcase time="0.00899999999999856" classname="tmb" name="h_mmrm_tmb_works_with_adh_covariance_structure_and_REML"/>
    <testcase time="0.0419999999999998" classname="tmb" name="h_mmrm_tmb_works_with_grouped_adh_covariance_structure_and_ML"/>
    <testcase time="0.00900000000000034" classname="tmb" name="h_mmrm_tmb_works_with_grouped_adh_covariance_structure_and_ML"/>
    <testcase time="0.0080000000000009" classname="tmb" name="h_mmrm_tmb_works_with_grouped_adh_covariance_structure_and_ML"/>
    <testcase time="0.00799999999999912" classname="tmb" name="h_mmrm_tmb_works_with_grouped_adh_covariance_structure_and_ML"/>
    <testcase time="0.0129999999999999" classname="tmb" name="h_mmrm_tmb_works_with_grouped_adh_covariance_structure_and_ML"/>
    <testcase time="0.0350000000000001" classname="tmb" name="h_mmrm_tmb_works_with_grouped_adh_covariance_structure_and_REML"/>
    <testcase time="0.00900000000000034" classname="tmb" name="h_mmrm_tmb_works_with_grouped_adh_covariance_structure_and_REML"/>
    <testcase time="0.00900000000000034" classname="tmb" name="h_mmrm_tmb_works_with_grouped_adh_covariance_structure_and_REML"/>
    <testcase time="0.00900000000000034" classname="tmb" name="h_mmrm_tmb_works_with_grouped_adh_covariance_structure_and_REML"/>
    <testcase time="0.00799999999999912" classname="tmb" name="h_mmrm_tmb_works_with_grouped_adh_covariance_structure_and_REML"/>
    <testcase time="0.032" classname="tmb" name="h_mmrm_tmb_works_with_toep_covariance_structure_and_ML"/>
    <testcase time="0.00900000000000034" classname="tmb" name="h_mmrm_tmb_works_with_toep_covariance_structure_and_ML"/>
    <testcase time="0.00900000000000034" classname="tmb" name="h_mmrm_tmb_works_with_toep_covariance_structure_and_ML"/>
    <testcase time="0.00799999999999912" classname="tmb" name="h_mmrm_tmb_works_with_toep_covariance_structure_and_ML"/>
    <testcase time="0.00900000000000034" classname="tmb" name="h_mmrm_tmb_works_with_toep_covariance_structure_and_ML"/>
    <testcase time="0.0080000000000009" classname="tmb" name="h_mmrm_tmb_works_with_toep_covariance_structure_and_ML"/>
    <testcase time="0.0339999999999989" classname="tmb" name="h_mmrm_tmb_works_with_toep_covariance_structure_and_REML"/>
    <testcase time="0.00999999999999979" classname="tmb" name="h_mmrm_tmb_works_with_toep_covariance_structure_and_REML"/>
    <testcase time="0.00900000000000034" classname="tmb" name="h_mmrm_tmb_works_with_toep_covariance_structure_and_REML"/>
    <testcase time="0.0080000000000009" classname="tmb" name="h_mmrm_tmb_works_with_toep_covariance_structure_and_REML"/>
    <testcase time="0.0109999999999992" classname="tmb" name="h_mmrm_tmb_works_with_toep_covariance_structure_and_REML"/>
    <testcase time="0.00900000000000034" classname="tmb" name="h_mmrm_tmb_works_with_toep_covariance_structure_and_REML"/>
    <testcase time="0.036999999999999" classname="tmb" name="h_mmrm_tmb_works_with_toeph_covariance_structure_and_ML"/>
    <testcase time="0.0100000000000016" classname="tmb" name="h_mmrm_tmb_works_with_toeph_covariance_structure_and_ML"/>
    <testcase time="0.0119999999999987" classname="tmb" name="h_mmrm_tmb_works_with_toeph_covariance_structure_and_ML"/>
    <testcase time="0.00999999999999979" classname="tmb" name="h_mmrm_tmb_works_with_toeph_covariance_structure_and_ML"/>
    <testcase time="0.00900000000000034" classname="tmb" name="h_mmrm_tmb_works_with_toeph_covariance_structure_and_ML"/>
    <testcase time="0.016" classname="tmb" name="h_mmrm_tmb_works_with_toeph_covariance_structure_and_ML"/>
    <testcase time="0.0329999999999995" classname="tmb" name="h_mmrm_tmb_works_with_toeph_covariance_structure_and_REML"/>
    <testcase time="0.00900000000000034" classname="tmb" name="h_mmrm_tmb_works_with_toeph_covariance_structure_and_REML"/>
    <testcase time="0.0080000000000009" classname="tmb" name="h_mmrm_tmb_works_with_toeph_covariance_structure_and_REML"/>
    <testcase time="0.00900000000000034" classname="tmb" name="h_mmrm_tmb_works_with_toeph_covariance_structure_and_REML"/>
    <testcase time="0.00899999999999856" classname="tmb" name="h_mmrm_tmb_works_with_toeph_covariance_structure_and_REML"/>
    <testcase time="0.00900000000000034" classname="tmb" name="h_mmrm_tmb_works_with_toeph_covariance_structure_and_REML"/>
    <testcase time="0.0389999999999997" classname="tmb" name="h_mmrm_tmb_works_with_grouped_toeph_covariance_structure_and_ML"/>
    <testcase time="0.0100000000000016" classname="tmb" name="h_mmrm_tmb_works_with_grouped_toeph_covariance_structure_and_ML"/>
    <testcase time="0.00899999999999856" classname="tmb" name="h_mmrm_tmb_works_with_grouped_toeph_covariance_structure_and_ML"/>
    <testcase time="0.00999999999999979" classname="tmb" name="h_mmrm_tmb_works_with_grouped_toeph_covariance_structure_and_ML"/>
    <testcase time="0.00900000000000034" classname="tmb" name="h_mmrm_tmb_works_with_grouped_toeph_covariance_structure_and_ML"/>
    <testcase time="0.0080000000000009" classname="tmb" name="h_mmrm_tmb_works_with_grouped_toeph_covariance_structure_and_ML"/>
    <testcase time="0.00900000000000034" classname="tmb" name="h_mmrm_tmb_works_with_grouped_toeph_covariance_structure_and_ML"/>
    <testcase time="0.00899999999999856" classname="tmb" name="h_mmrm_tmb_works_with_grouped_toeph_covariance_structure_and_ML"/>
    <testcase time="0.0360000000000014" classname="tmb" name="h_mmrm_tmb_works_with_grouped_toeph_covariance_structure_and_REML"/>
    <testcase time="0.00999999999999979" classname="tmb" name="h_mmrm_tmb_works_with_grouped_toeph_covariance_structure_and_REML"/>
    <testcase time="0.00900000000000034" classname="tmb" name="h_mmrm_tmb_works_with_grouped_toeph_covariance_structure_and_REML"/>
    <testcase time="0.00999999999999979" classname="tmb" name="h_mmrm_tmb_works_with_grouped_toeph_covariance_structure_and_REML"/>
    <testcase time="0.00899999999999856" classname="tmb" name="h_mmrm_tmb_works_with_grouped_toeph_covariance_structure_and_REML"/>
    <testcase time="0.00900000000000034" classname="tmb" name="h_mmrm_tmb_works_with_grouped_toeph_covariance_structure_and_REML"/>
    <testcase time="0.00900000000000034" classname="tmb" name="h_mmrm_tmb_works_with_grouped_toeph_covariance_structure_and_REML"/>
    <testcase time="0.00900000000000034" classname="tmb" name="h_mmrm_tmb_works_with_grouped_toeph_covariance_structure_and_REML"/>
    <testcase time="0.0339999999999989" classname="tmb" name="h_mmrm_tmb_works_with_ar1_covariance_structure_and_ML"/>
    <testcase time="0.00900000000000034" classname="tmb" name="h_mmrm_tmb_works_with_ar1_covariance_structure_and_ML"/>
    <testcase time="0.00999999999999979" classname="tmb" name="h_mmrm_tmb_works_with_ar1_covariance_structure_and_ML"/>
    <testcase time="0.00900000000000034" classname="tmb" name="h_mmrm_tmb_works_with_ar1_covariance_structure_and_ML"/>
    <testcase time="0.0150000000000006" classname="tmb" name="h_mmrm_tmb_works_with_ar1_covariance_structure_and_ML"/>
    <testcase time="0.00799999999999912" classname="tmb" name="h_mmrm_tmb_works_with_ar1_covariance_structure_and_ML"/>
    <testcase time="0.032" classname="tmb" name="h_mmrm_tmb_works_with_ar1_covariance_structure_and_REML"/>
    <testcase time="0.0120000000000005" classname="tmb" name="h_mmrm_tmb_works_with_ar1_covariance_structure_and_REML"/>
    <testcase time="0.00999999999999979" classname="tmb" name="h_mmrm_tmb_works_with_ar1_covariance_structure_and_REML"/>
    <testcase time="0.00900000000000034" classname="tmb" name="h_mmrm_tmb_works_with_ar1_covariance_structure_and_REML"/>
    <testcase time="0.00999999999999979" classname="tmb" name="h_mmrm_tmb_works_with_ar1_covariance_structure_and_REML"/>
    <testcase time="0.00900000000000034" classname="tmb" name="h_mmrm_tmb_works_with_ar1_covariance_structure_and_REML"/>
    <testcase time="0.0350000000000001" classname="tmb" name="h_mmrm_tmb_works_with_ar1h_covariance_structure_and_ML"/>
    <testcase time="0.00999999999999979" classname="tmb" name="h_mmrm_tmb_works_with_ar1h_covariance_structure_and_ML"/>
    <testcase time="0.00999999999999979" classname="tmb" name="h_mmrm_tmb_works_with_ar1h_covariance_structure_and_ML"/>
    <testcase time="0.011000000000001" classname="tmb" name="h_mmrm_tmb_works_with_ar1h_covariance_structure_and_ML"/>
    <testcase time="0.00900000000000034" classname="tmb" name="h_mmrm_tmb_works_with_ar1h_covariance_structure_and_ML"/>
    <testcase time="0.00999999999999979" classname="tmb" name="h_mmrm_tmb_works_with_ar1h_covariance_structure_and_ML"/>
    <testcase time="0.0350000000000001" classname="tmb" name="h_mmrm_tmb_works_with_ar1h_covariance_structure_and_REML"/>
    <testcase time="0.0109999999999992" classname="tmb" name="h_mmrm_tmb_works_with_ar1h_covariance_structure_and_REML"/>
    <testcase time="0.00999999999999979" classname="tmb" name="h_mmrm_tmb_works_with_ar1h_covariance_structure_and_REML"/>
    <testcase time="0.00999999999999979" classname="tmb" name="h_mmrm_tmb_works_with_ar1h_covariance_structure_and_REML"/>
    <testcase time="0.011000000000001" classname="tmb" name="h_mmrm_tmb_works_with_ar1h_covariance_structure_and_REML"/>
    <testcase time="0.00900000000000034" classname="tmb" name="h_mmrm_tmb_works_with_ar1h_covariance_structure_and_REML"/>
    <testcase time="0.0359999999999996" classname="tmb" name="h_mmrm_tmb_works_with_grouped_ar1_covariance_structure_and_ML"/>
    <testcase time="0.00999999999999979" classname="tmb" name="h_mmrm_tmb_works_with_grouped_ar1_covariance_structure_and_ML"/>
    <testcase time="0.00999999999999979" classname="tmb" name="h_mmrm_tmb_works_with_grouped_ar1_covariance_structure_and_ML"/>
    <testcase time="0.00999999999999979" classname="tmb" name="h_mmrm_tmb_works_with_grouped_ar1_covariance_structure_and_ML"/>
    <testcase time="0.00900000000000034" classname="tmb" name="h_mmrm_tmb_works_with_grouped_ar1_covariance_structure_and_ML"/>
    <testcase time="0.253" classname="tmb" name="h_mmrm_tmb_works_with_grouped_ar1_covariance_structure_and_ML"/>
    <testcase time="0.0359999999999996" classname="tmb" name="h_mmrm_tmb_works_with_grouped_ar1_covariance_structure_and_REML"/>
    <testcase time="0.011000000000001" classname="tmb" name="h_mmrm_tmb_works_with_grouped_ar1_covariance_structure_and_REML"/>
    <testcase time="0.00999999999999979" classname="tmb" name="h_mmrm_tmb_works_with_grouped_ar1_covariance_structure_and_REML"/>
    <testcase time="0.00999999999999979" classname="tmb" name="h_mmrm_tmb_works_with_grouped_ar1_covariance_structure_and_REML"/>
    <testcase time="0.00999999999999979" classname="tmb" name="h_mmrm_tmb_works_with_grouped_ar1_covariance_structure_and_REML"/>
    <testcase time="0.00999999999999979" classname="tmb" name="h_mmrm_tmb_works_with_grouped_ar1_covariance_structure_and_REML"/>
    <testcase time="0.0370000000000008" classname="tmb" name="h_mmrm_tmb_works_with_grouped_ar1h_covariance_structure_and_ML"/>
    <testcase time="0.00999999999999979" classname="tmb" name="h_mmrm_tmb_works_with_grouped_ar1h_covariance_structure_and_ML"/>
    <testcase time="0.00999999999999979" classname="tmb" name="h_mmrm_tmb_works_with_grouped_ar1h_covariance_structure_and_ML"/>
    <testcase time="0.00900000000000034" classname="tmb" name="h_mmrm_tmb_works_with_grouped_ar1h_covariance_structure_and_ML"/>
    <testcase time="0.00900000000000034" classname="tmb" name="h_mmrm_tmb_works_with_grouped_ar1h_covariance_structure_and_ML"/>
    <testcase time="0.00999999999999979" classname="tmb" name="h_mmrm_tmb_works_with_grouped_ar1h_covariance_structure_and_ML"/>
    <testcase time="0.036999999999999" classname="tmb" name="h_mmrm_tmb_works_with_grouped_ar1h_covariance_structure_and_REML"/>
    <testcase time="0.0140000000000011" classname="tmb" name="h_mmrm_tmb_works_with_grouped_ar1h_covariance_structure_and_REML"/>
    <testcase time="0.00999999999999979" classname="tmb" name="h_mmrm_tmb_works_with_grouped_ar1h_covariance_structure_and_REML"/>
    <testcase time="0.00899999999999856" classname="tmb" name="h_mmrm_tmb_works_with_grouped_ar1h_covariance_structure_and_REML"/>
    <testcase time="0.00900000000000034" classname="tmb" name="h_mmrm_tmb_works_with_grouped_ar1h_covariance_structure_and_REML"/>
    <testcase time="0.00900000000000034" classname="tmb" name="h_mmrm_tmb_works_with_grouped_ar1h_covariance_structure_and_REML"/>
    <testcase time="0.0329999999999995" classname="tmb" name="h_mmrm_tmb_works_with_cs_covariance_structure_and_ML"/>
    <testcase time="0.011000000000001" classname="tmb" name="h_mmrm_tmb_works_with_cs_covariance_structure_and_ML"/>
    <testcase time="0.0109999999999992" classname="tmb" name="h_mmrm_tmb_works_with_cs_covariance_structure_and_ML"/>
    <testcase time="0.00900000000000034" classname="tmb" name="h_mmrm_tmb_works_with_cs_covariance_structure_and_ML"/>
    <testcase time="0.011000000000001" classname="tmb" name="h_mmrm_tmb_works_with_cs_covariance_structure_and_ML"/>
    <testcase time="0.0189999999999984" classname="tmb" name="h_mmrm_tmb_works_with_cs_covariance_structure_and_ML"/>
    <testcase time="0.0340000000000007" classname="tmb" name="h_mmrm_tmb_works_with_cs_covariance_structure_and_REML"/>
    <testcase time="0.00999999999999979" classname="tmb" name="h_mmrm_tmb_works_with_cs_covariance_structure_and_REML"/>
    <testcase time="0.00999999999999979" classname="tmb" name="h_mmrm_tmb_works_with_cs_covariance_structure_and_REML"/>
    <testcase time="0.00999999999999979" classname="tmb" name="h_mmrm_tmb_works_with_cs_covariance_structure_and_REML"/>
    <testcase time="0.00900000000000034" classname="tmb" name="h_mmrm_tmb_works_with_cs_covariance_structure_and_REML"/>
    <testcase time="0.00899999999999856" classname="tmb" name="h_mmrm_tmb_works_with_cs_covariance_structure_and_REML"/>
    <testcase time="0.0340000000000007" classname="tmb" name="h_mmrm_tmb_works_with_csh_covariance_structure_and_ML"/>
    <testcase time="0.0109999999999992" classname="tmb" name="h_mmrm_tmb_works_with_csh_covariance_structure_and_ML"/>
    <testcase time="0.00999999999999979" classname="tmb" name="h_mmrm_tmb_works_with_csh_covariance_structure_and_ML"/>
    <testcase time="0.0100000000000016" classname="tmb" name="h_mmrm_tmb_works_with_csh_covariance_structure_and_ML"/>
    <testcase time="0.0109999999999992" classname="tmb" name="h_mmrm_tmb_works_with_csh_covariance_structure_and_ML"/>
    <testcase time="0.0109999999999992" classname="tmb" name="h_mmrm_tmb_works_with_csh_covariance_structure_and_ML"/>
    <testcase time="0.0360000000000014" classname="tmb" name="h_mmrm_tmb_works_with_csh_covariance_structure_and_REML"/>
    <testcase time="0.00900000000000034" classname="tmb" name="h_mmrm_tmb_works_with_csh_covariance_structure_and_REML"/>
    <testcase time="0.00999999999999979" classname="tmb" name="h_mmrm_tmb_works_with_csh_covariance_structure_and_REML"/>
    <testcase time="0.00799999999999912" classname="tmb" name="h_mmrm_tmb_works_with_csh_covariance_structure_and_REML"/>
    <testcase time="0.0080000000000009" classname="tmb" name="h_mmrm_tmb_works_with_csh_covariance_structure_and_REML"/>
    <testcase time="0.00999999999999979" classname="tmb" name="h_mmrm_tmb_works_with_csh_covariance_structure_and_REML"/>
    <testcase time="0.0449999999999999" classname="tmb" name="h_mmrm_tmb_works_with_weights_and_ML"/>
    <testcase time="0.00500000000000078" classname="tmb" name="h_mmrm_tmb_works_with_weights_and_ML"/>
    <testcase time="0.0109999999999992" classname="tmb" name="h_mmrm_tmb_works_with_weights_and_ML"/>
    <testcase time="0.00900000000000034" classname="tmb" name="h_mmrm_tmb_works_with_weights_and_ML"/>
    <testcase time="0.0109999999999992" classname="tmb" name="h_mmrm_tmb_works_with_weights_and_ML"/>
    <testcase time="0.016" classname="tmb" name="h_mmrm_tmb_works_with_weights_and_ML"/>
    <testcase time="0.0470000000000006" classname="tmb" name="h_mmrm_tmb_works_with_weights_and_REML"/>
    <testcase time="0.00500000000000078" classname="tmb" name="h_mmrm_tmb_works_with_weights_and_REML"/>
    <testcase time="0.0109999999999992" classname="tmb" name="h_mmrm_tmb_works_with_weights_and_REML"/>
    <testcase time="0.00900000000000034" classname="tmb" name="h_mmrm_tmb_works_with_weights_and_REML"/>
    <testcase time="0.00999999999999979" classname="tmb" name="h_mmrm_tmb_works_with_weights_and_REML"/>
    <testcase time="0.00900000000000034" classname="tmb" name="h_mmrm_tmb_works_with_weights_and_REML"/>
    <testcase time="0.0339999999999989" classname="tmb" name="h_mmrm_tmb_works_with_group_cs_covariance_structure_and_ML"/>
    <testcase time="0.0129999999999999" classname="tmb" name="h_mmrm_tmb_works_with_group_cs_covariance_structure_and_ML"/>
    <testcase time="0.00900000000000034" classname="tmb" name="h_mmrm_tmb_works_with_group_cs_covariance_structure_and_ML"/>
    <testcase time="0.0129999999999999" classname="tmb" name="h_mmrm_tmb_works_with_group_cs_covariance_structure_and_ML"/>
    <testcase time="0.00999999999999979" classname="tmb" name="h_mmrm_tmb_works_with_group_cs_covariance_structure_and_ML"/>
    <testcase time="0.00999999999999979" classname="tmb" name="h_mmrm_tmb_works_with_group_cs_covariance_structure_and_ML"/>
    <testcase time="0.0359999999999996" classname="tmb" name="h_mmrm_tmb_works_with_cs_covariance_structure_and_REML"/>
    <testcase time="0.0109999999999992" classname="tmb" name="h_mmrm_tmb_works_with_cs_covariance_structure_and_REML"/>
    <testcase time="0.0100000000000016" classname="tmb" name="h_mmrm_tmb_works_with_cs_covariance_structure_and_REML"/>
    <testcase time="0.0119999999999987" classname="tmb" name="h_mmrm_tmb_works_with_cs_covariance_structure_and_REML"/>
    <testcase time="0.0120000000000005" classname="tmb" name="h_mmrm_tmb_works_with_cs_covariance_structure_and_REML"/>
    <testcase time="0.00999999999999979" classname="tmb" name="h_mmrm_tmb_works_with_cs_covariance_structure_and_REML"/>
    <testcase time="0.0380000000000003" classname="tmb" name="h_mmrm_tmb_works_with_grouped_csh_covariance_structure_and_ML"/>
    <testcase time="0.0129999999999999" classname="tmb" name="h_mmrm_tmb_works_with_grouped_csh_covariance_structure_and_ML"/>
    <testcase time="0.011000000000001" classname="tmb" name="h_mmrm_tmb_works_with_grouped_csh_covariance_structure_and_ML"/>
    <testcase time="0.0169999999999995" classname="tmb" name="h_mmrm_tmb_works_with_grouped_csh_covariance_structure_and_ML"/>
    <testcase time="0.00999999999999979" classname="tmb" name="h_mmrm_tmb_works_with_grouped_csh_covariance_structure_and_ML"/>
    <testcase time="0.0139999999999993" classname="tmb" name="h_mmrm_tmb_works_with_grouped_csh_covariance_structure_and_ML"/>
    <testcase time="0.0380000000000003" classname="tmb" name="h_mmrm_tmb_works_with_grouped_csh_covariance_structure_and_REML"/>
    <testcase time="0.011000000000001" classname="tmb" name="h_mmrm_tmb_works_with_grouped_csh_covariance_structure_and_REML"/>
    <testcase time="0.0109999999999992" classname="tmb" name="h_mmrm_tmb_works_with_grouped_csh_covariance_structure_and_REML"/>
    <testcase time="0.0120000000000005" classname="tmb" name="h_mmrm_tmb_works_with_grouped_csh_covariance_structure_and_REML"/>
    <testcase time="0.00999999999999979" classname="tmb" name="h_mmrm_tmb_works_with_grouped_csh_covariance_structure_and_REML"/>
    <testcase time="0.00999999999999979" classname="tmb" name="h_mmrm_tmb_works_with_grouped_csh_covariance_structure_and_REML"/>
    <testcase time="0.0400000000000009" classname="tmb" name="h_mmrm_tmb_works_with_group_cs_covariance_structure_and_ML"/>
    <testcase time="0.0119999999999987" classname="tmb" name="h_mmrm_tmb_works_with_group_cs_covariance_structure_and_ML"/>
    <testcase time="0.011000000000001" classname="tmb" name="h_mmrm_tmb_works_with_group_cs_covariance_structure_and_ML"/>
    <testcase time="0.0109999999999992" classname="tmb" name="h_mmrm_tmb_works_with_group_cs_covariance_structure_and_ML"/>
    <testcase time="0.011000000000001" classname="tmb" name="h_mmrm_tmb_works_with_group_cs_covariance_structure_and_ML"/>
    <testcase time="0.00999999999999979" classname="tmb" name="h_mmrm_tmb_works_with_group_cs_covariance_structure_and_ML"/>
    <testcase time="0.0350000000000001" classname="tmb" name="h_mmrm_tmb_works_with_cs_covariance_structure_and_REML"/>
    <testcase time="0.0119999999999987" classname="tmb" name="h_mmrm_tmb_works_with_cs_covariance_structure_and_REML"/>
    <testcase time="0.011000000000001" classname="tmb" name="h_mmrm_tmb_works_with_cs_covariance_structure_and_REML"/>
    <testcase time="0.0109999999999992" classname="tmb" name="h_mmrm_tmb_works_with_cs_covariance_structure_and_REML"/>
    <testcase time="0.00999999999999979" classname="tmb" name="h_mmrm_tmb_works_with_cs_covariance_structure_and_REML"/>
    <testcase time="0.011000000000001" classname="tmb" name="h_mmrm_tmb_works_with_cs_covariance_structure_and_REML"/>
    <testcase time="0.0449999999999999" classname="tmb" name="h_mmrm_tmb_works_with_grouped_csh_covariance_structure_and_ML"/>
    <testcase time="0.0199999999999996" classname="tmb" name="h_mmrm_tmb_works_with_grouped_csh_covariance_structure_and_ML"/>
    <testcase time="0.0109999999999992" classname="tmb" name="h_mmrm_tmb_works_with_grouped_csh_covariance_structure_and_ML"/>
    <testcase time="0.0100000000000016" classname="tmb" name="h_mmrm_tmb_works_with_grouped_csh_covariance_structure_and_ML"/>
    <testcase time="0.0109999999999992" classname="tmb" name="h_mmrm_tmb_works_with_grouped_csh_covariance_structure_and_ML"/>
    <testcase time="0.00999999999999979" classname="tmb" name="h_mmrm_tmb_works_with_grouped_csh_covariance_structure_and_ML"/>
    <testcase time="0.0359999999999996" classname="tmb" name="h_mmrm_tmb_works_with_grouped_csh_covariance_structure_and_REML"/>
    <testcase time="0.0120000000000005" classname="tmb" name="h_mmrm_tmb_works_with_grouped_csh_covariance_structure_and_REML"/>
    <testcase time="0.0129999999999999" classname="tmb" name="h_mmrm_tmb_works_with_grouped_csh_covariance_structure_and_REML"/>
    <testcase time="0.0129999999999999" classname="tmb" name="h_mmrm_tmb_works_with_grouped_csh_covariance_structure_and_REML"/>
    <testcase time="0.0129999999999999" classname="tmb" name="h_mmrm_tmb_works_with_grouped_csh_covariance_structure_and_REML"/>
    <testcase time="0.0129999999999999" classname="tmb" name="h_mmrm_tmb_works_with_grouped_csh_covariance_structure_and_REML"/>
    <testcase time="0.0390000000000015" classname="tmb" name="h_mmrm_tmb_works_with_sp_exp_covariance_structure_and_ML"/>
    <testcase time="0.0119999999999987" classname="tmb" name="h_mmrm_tmb_works_with_sp_exp_covariance_structure_and_ML"/>
    <testcase time="0.011000000000001" classname="tmb" name="h_mmrm_tmb_works_with_sp_exp_covariance_structure_and_ML"/>
    <testcase time="0.0120000000000005" classname="tmb" name="h_mmrm_tmb_works_with_sp_exp_covariance_structure_and_ML"/>
    <testcase time="0.0120000000000005" classname="tmb" name="h_mmrm_tmb_works_with_sp_exp_covariance_structure_and_ML"/>
    <testcase time="0.0449999999999982" classname="tmb" name="h_mmrm_tmb_works_with_sp_exp_covariance_structure_and_ML_2_dimension_"/>
    <testcase time="0.0120000000000005" classname="tmb" name="h_mmrm_tmb_works_with_sp_exp_covariance_structure_and_ML_2_dimension_"/>
    <testcase time="0.0120000000000005" classname="tmb" name="h_mmrm_tmb_works_with_sp_exp_covariance_structure_and_ML_2_dimension_"/>
    <testcase time="0.0129999999999981" classname="tmb" name="h_mmrm_tmb_works_with_sp_exp_covariance_structure_and_ML_2_dimension_"/>
    <testcase time="0.0110000000000028" classname="tmb" name="h_mmrm_tmb_works_with_sp_exp_covariance_structure_and_ML_2_dimension_"/>
    <testcase time="0.0429999999999993" classname="tmb" name="h_mmrm_tmb_works_with_sp_exp_covariance_structure_and_REML"/>
    <testcase time="0.0109999999999992" classname="tmb" name="h_mmrm_tmb_works_with_sp_exp_covariance_structure_and_REML"/>
    <testcase time="0.0109999999999992" classname="tmb" name="h_mmrm_tmb_works_with_sp_exp_covariance_structure_and_REML"/>
    <testcase time="0.0120000000000005" classname="tmb" name="h_mmrm_tmb_works_with_sp_exp_covariance_structure_and_REML"/>
    <testcase time="0.0109999999999992" classname="tmb" name="h_mmrm_tmb_works_with_sp_exp_covariance_structure_and_REML"/>
    <testcase time="0.0460000000000029" classname="tmb" name="h_mmrm_tmb_works_with_sp_exp_covariance_structure_and_REML_2_dimension_"/>
    <testcase time="0.0129999999999981" classname="tmb" name="h_mmrm_tmb_works_with_sp_exp_covariance_structure_and_REML_2_dimension_"/>
    <testcase time="0.0130000000000017" classname="tmb" name="h_mmrm_tmb_works_with_sp_exp_covariance_structure_and_REML_2_dimension_"/>
    <testcase time="0.0139999999999993" classname="tmb" name="h_mmrm_tmb_works_with_sp_exp_covariance_structure_and_REML_2_dimension_"/>
    <testcase time="0.0109999999999992" classname="tmb" name="h_mmrm_tmb_works_with_sp_exp_covariance_structure_and_REML_2_dimension_"/>
    <testcase time="0.0390000000000015" classname="tmb" name="fit_mmrm_also_works_with_character_ID_variable"/>
    <testcase time="0.0379999999999967" classname="tmb" name="fit_mmrm_also_works_with_character_ID_variable"/>
    <testcase time="0.0110000000000028" classname="tmb" name="fit_mmrm_also_works_with_character_ID_variable"/>
    <testcase time="0.0390000000000015" classname="tmb" name="fit_mmrm_saves_data_name_in_call_element_as_expected"/>
    <testcase time="0.00999999999999801" classname="tmb" name="fit_mmrm_saves_data_name_in_call_element_as_expected"/>
    <testcase time="0.0630000000000024" classname="tmb" name="fit_mmrm_works_even_when_time_point_variable_has_unused_factor_levels"/>
    <testcase time="0.0069999999999979" classname="tmb" name="fit_mmrm_works_even_when_time_point_variable_has_unused_factor_levels"/>
    <testcase time="0.0110000000000028" classname="tmb" name="fit_mmrm_works_even_when_time_point_variable_has_unused_factor_levels"/>
    <testcase time="0.0629999999999988" classname="tmb" name="fit_mmrm_works_if_we_keep_the_unused_factor_levels_for_specific_covariance_structure"/>
    <testcase time="0.00700000000000145" classname="tmb" name="fit_mmrm_works_if_we_keep_the_unused_factor_levels_for_specific_covariance_structure"/>
    <testcase time="0.0109999999999992" classname="tmb" name="fit_mmrm_works_if_we_keep_the_unused_factor_levels_for_specific_covariance_structure"/>
    <testcase time="0.0649999999999977" classname="tmb" name="fit_mmrm_warns_if_we_keep_the_unused_factor_levels_for_unstructured_covariance"/>
    <testcase time="0.00700000000000145" classname="tmb" name="fit_mmrm_warns_if_we_keep_the_unused_factor_levels_for_unstructured_covariance"/>
    <testcase time="0.0100000000000016" classname="tmb" name="fit_mmrm_warns_if_we_keep_the_unused_factor_levels_for_unstructured_covariance"/>
    <testcase time="0.0619999999999976" classname="tmb" name="fit_mmrm_works_with_below_full_rank_original_design_matrix_by_default"/>
    <testcase time="0.00700000000000145" classname="tmb" name="fit_mmrm_works_with_below_full_rank_original_design_matrix_by_default"/>
  </testsuite>
  <testsuite name="utils" timestamp="2023-02-23T15:23:03Z" hostname="ba2e62ffa2c3" tests="43" skipped="1" failures="0" errors="0" time="0.332">
    <testcase time="0.0229999999999997" classname="utils" name="h_record_all_outputs_correctly_removes_specified_messages"/>
    <testcase time="0.00999999999999801" classname="utils" name="h_record_all_outputs_works_as_expected_with_no_removal_list_given_for_messages"/>
    <testcase time="0.0120000000000005" classname="utils" name="trace_of_a_matrix_works_as_expected"/>
    <testcase time="0.00500000000000256" classname="utils" name="trace_of_a_matrix_works_as_expected"/>
    <testcase time="0.00600000000000023" classname="utils" name="free_cores_throws_deprecation_warning">
      <skipped message="Reason: On CRAN ('test-utils.R:43')"/>
    </testcase>
    <testcase time="0.0199999999999996" classname="utils" name="h_split_control_split_the_control_args_based_on_optimizers"/>
    <testcase time="0.00499999999999901" classname="utils" name="h_split_control_split_the_control_args_based_on_optimizers"/>
    <testcase time="0.00499999999999901" classname="utils" name="h_split_control_split_the_control_args_based_on_optimizers"/>
    <testcase time="0.00500000000000256" classname="utils" name="h_split_control_split_the_control_args_based_on_optimizers"/>
    <testcase time="0.00499999999999901" classname="utils" name="h_split_control_split_the_control_args_based_on_optimizers"/>
    <testcase time="0.00499999999999901" classname="utils" name="h_split_control_split_the_control_args_based_on_optimizers"/>
    <testcase time="0.00600000000000023" classname="utils" name="h_split_control_split_the_control_args_based_on_optimizers"/>
    <testcase time="0.00499999999999901" classname="utils" name="h_split_control_split_the_control_args_based_on_optimizers"/>
    <testcase time="0.00600000000000023" classname="utils" name="h_split_control_split_the_control_args_based_on_optimizers"/>
    <testcase time="0.0109999999999992" classname="utils" name="h_split_control_split_the_control_args_with_updated_arguments"/>
    <testcase time="0.00500000000000256" classname="utils" name="h_split_control_split_the_control_args_with_updated_arguments"/>
    <testcase time="0.00499999999999901" classname="utils" name="h_split_control_split_the_control_args_with_updated_arguments"/>
    <testcase time="0.00499999999999901" classname="utils" name="h_split_control_split_the_control_args_with_updated_arguments"/>
    <testcase time="0.00500000000000256" classname="utils" name="h_split_control_split_the_control_args_with_updated_arguments"/>
    <testcase time="0.00499999999999901" classname="utils" name="h_split_control_split_the_control_args_with_updated_arguments"/>
    <testcase time="0.00600000000000023" classname="utils" name="h_split_control_split_the_control_args_with_updated_arguments"/>
    <testcase time="0.00499999999999901" classname="utils" name="h_split_control_split_the_control_args_with_updated_arguments"/>
    <testcase time="0.0130000000000017" classname="utils" name="h_get_optimizers_works_for_default_optimizers"/>
    <testcase time="0.0069999999999979" classname="utils" name="h_get_optimizers_works_for_default_optimizers"/>
    <testcase time="0.0109999999999992" classname="utils" name="h_get_optimizers_works_added_arguments"/>
    <testcase time="0.0120000000000005" classname="utils" name="h_get_optimizers_works_custom_optimizer"/>
    <testcase time="0.00500000000000256" classname="utils" name="h_get_optimizers_works_custom_optimizer"/>
    <testcase time="0.0119999999999969" classname="utils" name="h_optimizer_fun_return_correct_optimizer"/>
    <testcase time="0.00900000000000034" classname="utils" name="h_optimizer_fun_return_correct_optimizer"/>
    <testcase time="0.0150000000000006" classname="utils" name="h_optimizer_fun_return_correct_optimizer"/>
    <testcase time="0.00600000000000023" classname="utils" name="h_optimizer_fun_return_correct_optimizer"/>
    <testcase time="0.00600000000000023" classname="utils" name="h_optimizer_fun_return_correct_optimizer"/>
    <testcase time="0.00499999999999901" classname="utils" name="h_optimizer_fun_return_correct_optimizer"/>
    <testcase time="0.00500000000000256" classname="utils" name="h_optimizer_fun_return_correct_optimizer"/>
    <testcase time="0.00499999999999901" classname="utils" name="h_optimizer_fun_return_correct_optimizer"/>
    <testcase time="0.0120000000000005" classname="utils" name="h_partial_fun_args_works_correctly_to_add_attributes"/>
    <testcase time="0.00499999999999901" classname="utils" name="h_partial_fun_args_works_correctly_to_add_attributes"/>
    <testcase time="0.00499999999999901" classname="utils" name="h_partial_fun_args_works_correctly_to_add_attributes"/>
    <testcase time="0.00499999999999901" classname="utils" name="h_partial_fun_args_works_correctly_to_add_attributes"/>
    <testcase time="0.0100000000000016" classname="utils" name="fill_names_completes_names_of_input_values"/>
    <testcase time="0.00600000000000023" classname="utils" name="fill_names_completes_names_of_input_values"/>
    <testcase time="0.00499999999999901" classname="utils" name="fill_names_completes_names_of_input_values"/>
    <testcase time="0.00799999999999912" classname="utils" name="fill_names_completes_names_of_input_values"/>
  </testsuite>
</testsuites>
